<?xml version="1.0" encoding="UTF-8"?>
<coverage generated="1570478167394" clover="3.2.0">
  <project timestamp="1570478167394" name="All files">
    <metrics statements="153" coveredstatements="142" conditionals="87" coveredconditionals="77" methods="34" coveredmethods="34" elements="274" coveredelements="253" complexity="0" loc="153" ncloc="153" packages="3" files="8" classes="8"/>
    <package name="MixedDOM">
      <metrics statements="106" coveredstatements="101" conditionals="51" coveredconditionals="46" methods="28" coveredmethods="28"/>
      <file name="Node.js" path="/Users/adrianhelvik/Npm/@adrianhelvik/vdom/src/MixedDOM/Node.js">
        <metrics statements="97" coveredstatements="95" conditionals="45" coveredconditionals="43" methods="27" coveredmethods="27"/>
        <line num="1" count="1" type="stmt"/>
        <line num="4" count="13" type="cond" truecount="2" falsecount="0"/>
        <line num="5" count="4" type="stmt"/>
        <line num="7" count="9" type="cond" truecount="2" falsecount="0"/>
        <line num="8" count="6" type="stmt"/>
        <line num="10" count="8" type="stmt"/>
        <line num="14" count="23" type="cond" truecount="2" falsecount="0"/>
        <line num="15" count="22" type="stmt"/>
        <line num="17" count="1" type="stmt"/>
        <line num="22" count="6" type="cond" truecount="3" falsecount="0"/>
        <line num="24" count="3" type="stmt"/>
        <line num="26" count="2" type="stmt"/>
        <line num="28" count="1" type="stmt"/>
        <line num="34" count="72" type="cond" truecount="2" falsecount="0"/>
        <line num="35" count="1" type="stmt"/>
        <line num="37" count="71" type="stmt"/>
        <line num="38" count="71" type="stmt"/>
        <line num="39" count="71" type="cond" truecount="2" falsecount="0"/>
        <line num="40" count="43" type="stmt"/>
        <line num="41" count="3" type="stmt"/>
        <line num="44" count="71" type="stmt"/>
        <line num="49" count="7" type="stmt"/>
        <line num="53" count="39" type="stmt"/>
        <line num="57" count="19" type="stmt"/>
        <line num="61" count="4" type="stmt"/>
        <line num="65" count="1" type="stmt"/>
        <line num="69" count="8" type="stmt"/>
        <line num="73" count="18" type="cond" truecount="2" falsecount="0"/>
        <line num="74" count="1" type="stmt"/>
        <line num="76" count="17" type="stmt"/>
        <line num="77" count="17" type="cond" truecount="2" falsecount="0"/>
        <line num="78" count="7" type="stmt"/>
        <line num="79" count="12" type="stmt"/>
        <line num="82" count="10" type="stmt"/>
        <line num="84" count="17" type="stmt"/>
        <line num="88" count="2" type="stmt"/>
        <line num="92" count="3" type="stmt"/>
        <line num="94" count="3" type="cond" truecount="2" falsecount="0"/>
        <line num="95" count="1" type="stmt"/>
        <line num="98" count="2" type="cond" truecount="2" falsecount="0"/>
        <line num="99" count="1" type="stmt"/>
        <line num="100" count="3" type="stmt"/>
        <line num="103" count="1" type="stmt"/>
        <line num="105" count="2" type="stmt"/>
        <line num="111" count="19" type="stmt"/>
        <line num="112" count="19" type="stmt"/>
        <line num="116" count="8" type="stmt"/>
        <line num="117" count="8" type="stmt"/>
        <line num="118" count="8" type="cond" truecount="2" falsecount="0"/>
        <line num="119" count="1" type="stmt"/>
        <line num="121" count="7" type="cond" truecount="2" falsecount="0"/>
        <line num="122" count="3" type="stmt"/>
        <line num="124" count="4" type="stmt"/>
        <line num="129" count="29" type="cond" truecount="2" falsecount="0"/>
        <line num="130" count="1" type="stmt"/>
        <line num="132" count="28" type="stmt"/>
        <line num="133" count="28" type="stmt"/>
        <line num="134" count="28" type="stmt"/>
        <line num="135" count="28" type="cond" truecount="2" falsecount="0"/>
        <line num="136" count="5" type="stmt"/>
        <line num="137" count="5" type="stmt"/>
        <line num="138" count="5" type="stmt"/>
        <line num="141" count="5" type="cond" truecount="2" falsecount="0"/>
        <line num="142" count="4" type="stmt"/>
        <line num="143" count="4" type="stmt"/>
        <line num="144" count="4" type="stmt"/>
        <line num="147" count="5" type="cond" truecount="2" falsecount="0"/>
        <line num="148" count="2" type="cond" truecount="2" falsecount="0"/>
        <line num="149" count="1" type="stmt"/>
        <line num="150" count="2" type="stmt"/>
        <line num="153" count="1" type="stmt"/>
        <line num="156" count="3" type="cond" truecount="2" falsecount="0"/>
        <line num="157" count="2" type="stmt"/>
        <line num="158" count="2" type="stmt"/>
        <line num="161" count="1" type="stmt"/>
        <line num="168" count="28" type="stmt"/>
        <line num="170" count="28" type="cond" truecount="2" falsecount="0"/>
        <line num="171" count="5" type="stmt"/>
        <line num="174" count="28" type="stmt"/>
        <line num="178" count="22" type="stmt"/>
        <line num="182" count="4" type="stmt"/>
        <line num="184" count="8" type="cond" truecount="1" falsecount="1"/>
        <line num="185" count="0" type="stmt"/>
        <line num="187" count="8" type="stmt"/>
        <line num="194" count="18" type="stmt"/>
        <line num="195" count="18" type="stmt"/>
        <line num="196" count="29" type="cond" truecount="1" falsecount="1"/>
        <line num="197" count="0" type="stmt"/>
        <line num="199" count="29" type="cond" truecount="2" falsecount="0"/>
        <line num="200" count="6" type="stmt"/>
        <line num="202" count="23" type="stmt"/>
        <line num="205" count="18" type="stmt"/>
        <line num="209" count="2" type="stmt"/>
        <line num="215" count="6" type="stmt"/>
        <line num="221" count="1" type="stmt"/>
        <line num="225" count="1" type="stmt"/>
        <line num="226" count="5" type="stmt"/>
      </file>
      <file name="createNode.js" path="/Users/adrianhelvik/Npm/@adrianhelvik/vdom/src/MixedDOM/createNode.js">
        <metrics statements="9" coveredstatements="6" conditionals="6" coveredconditionals="3" methods="1" coveredmethods="1"/>
        <line num="2" count="1" type="cond" truecount="1" falsecount="1"/>
        <line num="3" count="0" type="stmt"/>
        <line num="6" count="1" type="stmt"/>
        <line num="8" count="1" type="cond" truecount="1" falsecount="1"/>
        <line num="9" count="1" type="cond" truecount="1" falsecount="1"/>
        <line num="10" count="0" type="stmt"/>
        <line num="14" count="1" type="stmt"/>
        <line num="15" count="0" type="stmt"/>
        <line num="18" count="1" type="stmt"/>
      </file>
    </package>
    <package name="Patcher">
      <metrics statements="8" coveredstatements="5" conditionals="3" coveredconditionals="1" methods="1" coveredmethods="1"/>
      <file name="applyDiff.js" path="/Users/adrianhelvik/Npm/@adrianhelvik/vdom/src/Patcher/applyDiff.js">
        <metrics statements="8" coveredstatements="5" conditionals="3" coveredconditionals="1" methods="1" coveredmethods="1"/>
        <line num="6" count="1" type="stmt"/>
        <line num="7" count="1" type="stmt"/>
        <line num="9" count="1" type="cond" truecount="1" falsecount="2"/>
        <line num="11" count="0" type="stmt"/>
        <line num="15" count="0" type="stmt"/>
        <line num="17" count="1" type="stmt"/>
        <line num="18" count="1" type="stmt"/>
        <line num="20" count="0" type="stmt"/>
      </file>
    </package>
    <package name="VirtualDOM">
      <metrics statements="39" coveredstatements="36" conditionals="33" coveredconditionals="30" methods="5" coveredmethods="5"/>
      <file name="createDiff.js" path="/Users/adrianhelvik/Npm/@adrianhelvik/vdom/src/VirtualDOM/createDiff.js">
        <metrics statements="3" coveredstatements="3" conditionals="0" coveredconditionals="0" methods="1" coveredmethods="1"/>
        <line num="5" count="3" type="stmt"/>
        <line num="7" count="3" type="stmt"/>
        <line num="9" count="3" type="stmt"/>
      </file>
      <file name="createElement.js" path="/Users/adrianhelvik/Npm/@adrianhelvik/vdom/src/VirtualDOM/createElement.js">
        <metrics statements="4" coveredstatements="4" conditionals="2" coveredconditionals="2" methods="1" coveredmethods="1"/>
        <line num="2" count="9" type="cond" truecount="2" falsecount="0"/>
        <line num="3" count="3" type="stmt"/>
        <line num="6" count="9" type="stmt"/>
        <line num="16" count="3" type="stmt"/>
      </file>
      <file name="diffChildren.js" path="/Users/adrianhelvik/Npm/@adrianhelvik/vdom/src/VirtualDOM/diffChildren.js">
        <metrics statements="5" coveredstatements="5" conditionals="0" coveredconditionals="0" methods="1" coveredmethods="1"/>
        <line num="4" count="1" type="stmt"/>
        <line num="5" count="1" type="stmt"/>
        <line num="7" count="1" type="stmt"/>
        <line num="8" count="1" type="stmt"/>
        <line num="11" count="1" type="stmt"/>
      </file>
      <file name="diffNodes.js" path="/Users/adrianhelvik/Npm/@adrianhelvik/vdom/src/VirtualDOM/diffNodes.js">
        <metrics statements="13" coveredstatements="10" conditionals="19" coveredconditionals="16" methods="1" coveredmethods="1"/>
        <line num="4" count="11" type="cond" truecount="4" falsecount="0"/>
        <line num="5" count="1" type="stmt"/>
        <line num="8" count="10" type="cond" truecount="2" falsecount="0"/>
        <line num="9" count="5" type="stmt"/>
        <line num="18" count="5" type="cond" truecount="2" falsecount="0"/>
        <line num="19" count="1" type="stmt"/>
        <line num="27" count="4" type="cond" truecount="3" falsecount="1"/>
        <line num="28" count="4" type="cond" truecount="4" falsecount="0"/>
        <line num="29" count="2" type="stmt"/>
        <line num="37" count="2" type="stmt"/>
        <line num="41" count="0" type="cond" truecount="0" falsecount="2"/>
        <line num="42" count="0" type="stmt"/>
        <line num="51" count="0" type="stmt"/>
      </file>
      <file name="diffProps.js" path="/Users/adrianhelvik/Npm/@adrianhelvik/vdom/src/VirtualDOM/diffProps.js">
        <metrics statements="14" coveredstatements="14" conditionals="12" coveredconditionals="12" methods="1" coveredmethods="1"/>
        <line num="4" count="6" type="cond" truecount="2" falsecount="0"/>
        <line num="5" count="6" type="cond" truecount="2" falsecount="0"/>
        <line num="7" count="6" type="stmt"/>
        <line num="9" count="6" type="stmt"/>
        <line num="10" count="4" type="cond" truecount="2" falsecount="0"/>
        <line num="11" count="1" type="stmt"/>
        <line num="19" count="6" type="stmt"/>
        <line num="20" count="4" type="cond" truecount="2" falsecount="0"/>
        <line num="21" count="3" type="cond" truecount="2" falsecount="0"/>
        <line num="22" count="2" type="cond" truecount="2" falsecount="0"/>
        <line num="23" count="1" type="stmt"/>
        <line num="25" count="1" type="stmt"/>
        <line num="34" count="1" type="stmt"/>
        <line num="43" count="6" type="stmt"/>
      </file>
    </package>
  </project>
</coverage>
