{"/Users/adrianhelvik/Npm/@adrianhelvik/vdom/src/MixedDOM/Node.js": {"path":"/Users/adrianhelvik/Npm/@adrianhelvik/vdom/src/MixedDOM/Node.js","statementMap":{"0":{"start":{"line":1,"column":12},"end":{"line":1,"column":25}},"1":{"start":{"line":4,"column":2},"end":{"line":6,"column":3}},"2":{"start":{"line":5,"column":4},"end":{"line":5,"column":15}},"3":{"start":{"line":7,"column":2},"end":{"line":9,"column":3}},"4":{"start":{"line":8,"column":4},"end":{"line":8,"column":31}},"5":{"start":{"line":10,"column":2},"end":{"line":10,"column":22}},"6":{"start":{"line":14,"column":2},"end":{"line":18,"column":3}},"7":{"start":{"line":15,"column":4},"end":{"line":15,"column":27}},"8":{"start":{"line":17,"column":4},"end":{"line":17,"column":15}},"9":{"start":{"line":22,"column":2},"end":{"line":29,"column":3}},"10":{"start":{"line":24,"column":6},"end":{"line":24,"column":30}},"11":{"start":{"line":26,"column":6},"end":{"line":26,"column":27}},"12":{"start":{"line":28,"column":6},"end":{"line":28,"column":56}},"13":{"start":{"line":34,"column":4},"end":{"line":45,"column":5}},"14":{"start":{"line":35,"column":6},"end":{"line":35,"column":33}},"15":{"start":{"line":37,"column":6},"end":{"line":37,"column":36}},"16":{"start":{"line":38,"column":6},"end":{"line":38,"column":28}},"17":{"start":{"line":39,"column":6},"end":{"line":43,"column":7}},"18":{"start":{"line":40,"column":8},"end":{"line":42,"column":9}},"19":{"start":{"line":41,"column":10},"end":{"line":41,"column":20}},"20":{"start":{"line":44,"column":6},"end":{"line":44,"column":32}},"21":{"start":{"line":49,"column":4},"end":{"line":49,"column":50}},"22":{"start":{"line":53,"column":4},"end":{"line":53,"column":52}},"23":{"start":{"line":57,"column":4},"end":{"line":57,"column":25}},"24":{"start":{"line":61,"column":4},"end":{"line":61,"column":37}},"25":{"start":{"line":65,"column":4},"end":{"line":65,"column":60}},"26":{"start":{"line":69,"column":4},"end":{"line":69,"column":37}},"27":{"start":{"line":73,"column":4},"end":{"line":75,"column":5}},"28":{"start":{"line":74,"column":6},"end":{"line":74,"column":48}},"29":{"start":{"line":76,"column":4},"end":{"line":76,"column":26}},"30":{"start":{"line":77,"column":4},"end":{"line":83,"column":5}},"31":{"start":{"line":78,"column":6},"end":{"line":80,"column":7}},"32":{"start":{"line":79,"column":8},"end":{"line":79,"column":50}},"33":{"start":{"line":82,"column":6},"end":{"line":82,"column":48}},"34":{"start":{"line":84,"column":4},"end":{"line":84,"column":30}},"35":{"start":{"line":88,"column":4},"end":{"line":88,"column":37}},"36":{"start":{"line":92,"column":18},"end":{"line":92,"column":48}},"37":{"start":{"line":94,"column":4},"end":{"line":96,"column":5}},"38":{"start":{"line":95,"column":6},"end":{"line":95,"column":50}},"39":{"start":{"line":98,"column":4},"end":{"line":104,"column":5}},"40":{"start":{"line":99,"column":6},"end":{"line":101,"column":7}},"41":{"start":{"line":100,"column":8},"end":{"line":100,"column":33}},"42":{"start":{"line":103,"column":6},"end":{"line":103,"column":49}},"43":{"start":{"line":105,"column":4},"end":{"line":105,"column":36}},"44":{"start":{"line":111,"column":4},"end":{"line":111,"column":13}},"45":{"start":{"line":112,"column":4},"end":{"line":112,"column":26}},"46":{"start":{"line":116,"column":4},"end":{"line":116,"column":40}},"47":{"start":{"line":117,"column":17},"end":{"line":117,"column":62}},"48":{"start":{"line":118,"column":4},"end":{"line":120,"column":5}},"49":{"start":{"line":119,"column":6},"end":{"line":119,"column":17}},"50":{"start":{"line":121,"column":4},"end":{"line":125,"column":5}},"51":{"start":{"line":122,"column":6},"end":{"line":122,"column":32}},"52":{"start":{"line":124,"column":6},"end":{"line":124,"column":29}},"53":{"start":{"line":129,"column":4},"end":{"line":131,"column":5}},"54":{"start":{"line":130,"column":6},"end":{"line":130,"column":48}},"55":{"start":{"line":132,"column":4},"end":{"line":132,"column":31}},"56":{"start":{"line":133,"column":4},"end":{"line":133,"column":26}},"57":{"start":{"line":134,"column":22},"end":{"line":134,"column":46}},"58":{"start":{"line":135,"column":4},"end":{"line":164,"column":5}},"59":{"start":{"line":136,"column":23},"end":{"line":136,"column":67}},"60":{"start":{"line":137,"column":6},"end":{"line":137,"column":33}},"61":{"start":{"line":138,"column":28},"end":{"line":138,"column":47}},"62":{"start":{"line":141,"column":6},"end":{"line":145,"column":7}},"63":{"start":{"line":142,"column":22},"end":{"line":142,"column":53}},"64":{"start":{"line":143,"column":8},"end":{"line":143,"column":49}},"65":{"start":{"line":144,"column":8},"end":{"line":144,"column":34}},"66":{"start":{"line":147,"column":6},"end":{"line":163,"column":7}},"67":{"start":{"line":148,"column":8},"end":{"line":154,"column":9}},"68":{"start":{"line":149,"column":10},"end":{"line":151,"column":11}},"69":{"start":{"line":150,"column":12},"end":{"line":150,"column":71}},"70":{"start":{"line":153,"column":10},"end":{"line":153,"column":68}},"71":{"start":{"line":156,"column":8},"end":{"line":162,"column":9}},"72":{"start":{"line":157,"column":10},"end":{"line":159,"column":11}},"73":{"start":{"line":158,"column":12},"end":{"line":158,"column":64}},"74":{"start":{"line":161,"column":10},"end":{"line":161,"column":61}},"75":{"start":{"line":168,"column":15},"end":{"line":168,"column":30}},"76":{"start":{"line":170,"column":4},"end":{"line":172,"column":5}},"77":{"start":{"line":171,"column":6},"end":{"line":171,"column":28}},"78":{"start":{"line":174,"column":4},"end":{"line":174,"column":15}},"79":{"start":{"line":178,"column":4},"end":{"line":178,"column":27}},"80":{"start":{"line":182,"column":4},"end":{"line":190,"column":15}},"81":{"start":{"line":184,"column":8},"end":{"line":188,"column":9}},"82":{"start":{"line":185,"column":10},"end":{"line":185,"column":33}},"83":{"start":{"line":187,"column":10},"end":{"line":187,"column":31}},"84":{"start":{"line":194,"column":19},"end":{"line":194,"column":21}},"85":{"start":{"line":195,"column":4},"end":{"line":204,"column":5}},"86":{"start":{"line":196,"column":6},"end":{"line":198,"column":7}},"87":{"start":{"line":197,"column":8},"end":{"line":197,"column":51}},"88":{"start":{"line":199,"column":6},"end":{"line":203,"column":7}},"89":{"start":{"line":200,"column":8},"end":{"line":200,"column":43}},"90":{"start":{"line":202,"column":8},"end":{"line":202,"column":25}},"91":{"start":{"line":205,"column":4},"end":{"line":205,"column":17}},"92":{"start":{"line":209,"column":4},"end":{"line":209,"column":25}},"93":{"start":{"line":215,"column":4},"end":{"line":215,"column":35}},"94":{"start":{"line":221,"column":4},"end":{"line":221,"column":39}},"95":{"start":{"line":225,"column":13},"end":{"line":226,"column":64}},"96":{"start":{"line":226,"column":2},"end":{"line":226,"column":64}},"97":{"start":{"line":226,"column":37},"end":{"line":226,"column":63}}},"fnMap":{"0":{"name":"wrap","decl":{"start":{"line":3,"column":16},"end":{"line":3,"column":20}},"loc":{"start":{"line":3,"column":27},"end":{"line":11,"column":1}},"line":3},"1":{"name":"unwrap","decl":{"start":{"line":13,"column":16},"end":{"line":13,"column":22}},"loc":{"start":{"line":13,"column":29},"end":{"line":19,"column":1}},"line":13},"2":{"name":"create","decl":{"start":{"line":21,"column":9},"end":{"line":21,"column":15}},"loc":{"start":{"line":21,"column":22},"end":{"line":30,"column":1}},"line":21},"3":{"name":"(anonymous_3)","decl":{"start":{"line":33,"column":2},"end":{"line":33,"column":3}},"loc":{"start":{"line":33,"column":27},"end":{"line":46,"column":3}},"line":33},"4":{"name":"(anonymous_4)","decl":{"start":{"line":40,"column":65},"end":{"line":40,"column":66}},"loc":{"start":{"line":41,"column":10},"end":{"line":41,"column":20}},"line":41},"5":{"name":"(anonymous_5)","decl":{"start":{"line":48,"column":2},"end":{"line":48,"column":3}},"loc":{"start":{"line":48,"column":26},"end":{"line":50,"column":3}},"line":48},"6":{"name":"(anonymous_6)","decl":{"start":{"line":52,"column":2},"end":{"line":52,"column":3}},"loc":{"start":{"line":52,"column":29},"end":{"line":54,"column":3}},"line":52},"7":{"name":"(anonymous_7)","decl":{"start":{"line":56,"column":2},"end":{"line":56,"column":3}},"loc":{"start":{"line":56,"column":26},"end":{"line":58,"column":3}},"line":56},"8":{"name":"(anonymous_8)","decl":{"start":{"line":60,"column":2},"end":{"line":60,"column":3}},"loc":{"start":{"line":60,"column":18},"end":{"line":62,"column":3}},"line":60},"9":{"name":"(anonymous_9)","decl":{"start":{"line":64,"column":2},"end":{"line":64,"column":3}},"loc":{"start":{"line":64,"column":23},"end":{"line":66,"column":3}},"line":64},"10":{"name":"(anonymous_10)","decl":{"start":{"line":68,"column":2},"end":{"line":68,"column":3}},"loc":{"start":{"line":68,"column":18},"end":{"line":70,"column":3}},"line":68},"11":{"name":"(anonymous_11)","decl":{"start":{"line":72,"column":2},"end":{"line":72,"column":3}},"loc":{"start":{"line":72,"column":20},"end":{"line":85,"column":3}},"line":72},"12":{"name":"(anonymous_12)","decl":{"start":{"line":87,"column":2},"end":{"line":87,"column":3}},"loc":{"start":{"line":87,"column":11},"end":{"line":89,"column":3}},"line":87},"13":{"name":"(anonymous_13)","decl":{"start":{"line":91,"column":2},"end":{"line":91,"column":3}},"loc":{"start":{"line":91,"column":21},"end":{"line":106,"column":3}},"line":91},"14":{"name":"(anonymous_14)","decl":{"start":{"line":110,"column":2},"end":{"line":110,"column":3}},"loc":{"start":{"line":110,"column":16},"end":{"line":113,"column":3}},"line":110},"15":{"name":"(anonymous_15)","decl":{"start":{"line":115,"column":2},"end":{"line":115,"column":3}},"loc":{"start":{"line":115,"column":17},"end":{"line":126,"column":3}},"line":115},"16":{"name":"(anonymous_16)","decl":{"start":{"line":128,"column":2},"end":{"line":128,"column":3}},"loc":{"start":{"line":128,"column":20},"end":{"line":165,"column":3}},"line":128},"17":{"name":"(anonymous_17)","decl":{"start":{"line":167,"column":2},"end":{"line":167,"column":3}},"loc":{"start":{"line":167,"column":22},"end":{"line":175,"column":3}},"line":167},"18":{"name":"(anonymous_18)","decl":{"start":{"line":177,"column":2},"end":{"line":177,"column":3}},"loc":{"start":{"line":177,"column":19},"end":{"line":179,"column":3}},"line":177},"19":{"name":"(anonymous_19)","decl":{"start":{"line":181,"column":2},"end":{"line":181,"column":3}},"loc":{"start":{"line":181,"column":18},"end":{"line":191,"column":3}},"line":181},"20":{"name":"(anonymous_20)","decl":{"start":{"line":183,"column":11},"end":{"line":183,"column":12}},"loc":{"start":{"line":183,"column":19},"end":{"line":189,"column":7}},"line":183},"21":{"name":"(anonymous_21)","decl":{"start":{"line":193,"column":2},"end":{"line":193,"column":3}},"loc":{"start":{"line":193,"column":17},"end":{"line":206,"column":3}},"line":193},"22":{"name":"(anonymous_22)","decl":{"start":{"line":208,"column":2},"end":{"line":208,"column":3}},"loc":{"start":{"line":208,"column":18},"end":{"line":210,"column":3}},"line":208},"23":{"name":"(anonymous_23)","decl":{"start":{"line":214,"column":2},"end":{"line":214,"column":3}},"loc":{"start":{"line":214,"column":16},"end":{"line":216,"column":3}},"line":214},"24":{"name":"(anonymous_24)","decl":{"start":{"line":220,"column":2},"end":{"line":220,"column":3}},"loc":{"start":{"line":220,"column":20},"end":{"line":222,"column":3}},"line":220},"25":{"name":"(anonymous_25)","decl":{"start":{"line":225,"column":13},"end":{"line":225,"column":14}},"loc":{"start":{"line":226,"column":2},"end":{"line":226,"column":64}},"line":226},"26":{"name":"(anonymous_26)","decl":{"start":{"line":226,"column":29},"end":{"line":226,"column":30}},"loc":{"start":{"line":226,"column":37},"end":{"line":226,"column":63}},"line":226}},"branchMap":{"0":{"loc":{"start":{"line":4,"column":2},"end":{"line":6,"column":3}},"type":"if","locations":[{"start":{"line":4,"column":2},"end":{"line":6,"column":3}},{"start":{"line":4,"column":2},"end":{"line":6,"column":3}}],"line":4},"1":{"loc":{"start":{"line":7,"column":2},"end":{"line":9,"column":3}},"type":"if","locations":[{"start":{"line":7,"column":2},"end":{"line":9,"column":3}},{"start":{"line":7,"column":2},"end":{"line":9,"column":3}}],"line":7},"2":{"loc":{"start":{"line":14,"column":2},"end":{"line":18,"column":3}},"type":"if","locations":[{"start":{"line":14,"column":2},"end":{"line":18,"column":3}},{"start":{"line":14,"column":2},"end":{"line":18,"column":3}}],"line":14},"3":{"loc":{"start":{"line":22,"column":2},"end":{"line":29,"column":3}},"type":"switch","locations":[{"start":{"line":23,"column":4},"end":{"line":24,"column":30}},{"start":{"line":25,"column":4},"end":{"line":26,"column":27}},{"start":{"line":27,"column":4},"end":{"line":28,"column":56}}],"line":22},"4":{"loc":{"start":{"line":34,"column":4},"end":{"line":45,"column":5}},"type":"if","locations":[{"start":{"line":34,"column":4},"end":{"line":45,"column":5}},{"start":{"line":34,"column":4},"end":{"line":45,"column":5}}],"line":34},"5":{"loc":{"start":{"line":39,"column":6},"end":{"line":43,"column":7}},"type":"if","locations":[{"start":{"line":39,"column":6},"end":{"line":43,"column":7}},{"start":{"line":39,"column":6},"end":{"line":43,"column":7}}],"line":39},"6":{"loc":{"start":{"line":73,"column":4},"end":{"line":75,"column":5}},"type":"if","locations":[{"start":{"line":73,"column":4},"end":{"line":75,"column":5}},{"start":{"line":73,"column":4},"end":{"line":75,"column":5}}],"line":73},"7":{"loc":{"start":{"line":77,"column":4},"end":{"line":83,"column":5}},"type":"if","locations":[{"start":{"line":77,"column":4},"end":{"line":83,"column":5}},{"start":{"line":77,"column":4},"end":{"line":83,"column":5}}],"line":77},"8":{"loc":{"start":{"line":94,"column":4},"end":{"line":96,"column":5}},"type":"if","locations":[{"start":{"line":94,"column":4},"end":{"line":96,"column":5}},{"start":{"line":94,"column":4},"end":{"line":96,"column":5}}],"line":94},"9":{"loc":{"start":{"line":98,"column":4},"end":{"line":104,"column":5}},"type":"if","locations":[{"start":{"line":98,"column":4},"end":{"line":104,"column":5}},{"start":{"line":98,"column":4},"end":{"line":104,"column":5}}],"line":98},"10":{"loc":{"start":{"line":118,"column":4},"end":{"line":120,"column":5}},"type":"if","locations":[{"start":{"line":118,"column":4},"end":{"line":120,"column":5}},{"start":{"line":118,"column":4},"end":{"line":120,"column":5}}],"line":118},"11":{"loc":{"start":{"line":121,"column":4},"end":{"line":125,"column":5}},"type":"if","locations":[{"start":{"line":121,"column":4},"end":{"line":125,"column":5}},{"start":{"line":121,"column":4},"end":{"line":125,"column":5}}],"line":121},"12":{"loc":{"start":{"line":129,"column":4},"end":{"line":131,"column":5}},"type":"if","locations":[{"start":{"line":129,"column":4},"end":{"line":131,"column":5}},{"start":{"line":129,"column":4},"end":{"line":131,"column":5}}],"line":129},"13":{"loc":{"start":{"line":135,"column":4},"end":{"line":164,"column":5}},"type":"if","locations":[{"start":{"line":135,"column":4},"end":{"line":164,"column":5}},{"start":{"line":135,"column":4},"end":{"line":164,"column":5}}],"line":135},"14":{"loc":{"start":{"line":141,"column":6},"end":{"line":145,"column":7}},"type":"if","locations":[{"start":{"line":141,"column":6},"end":{"line":145,"column":7}},{"start":{"line":141,"column":6},"end":{"line":145,"column":7}}],"line":141},"15":{"loc":{"start":{"line":147,"column":6},"end":{"line":163,"column":7}},"type":"if","locations":[{"start":{"line":147,"column":6},"end":{"line":163,"column":7}},{"start":{"line":147,"column":6},"end":{"line":163,"column":7}}],"line":147},"16":{"loc":{"start":{"line":148,"column":8},"end":{"line":154,"column":9}},"type":"if","locations":[{"start":{"line":148,"column":8},"end":{"line":154,"column":9}},{"start":{"line":148,"column":8},"end":{"line":154,"column":9}}],"line":148},"17":{"loc":{"start":{"line":156,"column":8},"end":{"line":162,"column":9}},"type":"if","locations":[{"start":{"line":156,"column":8},"end":{"line":162,"column":9}},{"start":{"line":156,"column":8},"end":{"line":162,"column":9}}],"line":156},"18":{"loc":{"start":{"line":170,"column":11},"end":{"line":170,"column":51}},"type":"binary-expr","locations":[{"start":{"line":170,"column":11},"end":{"line":170,"column":35}},{"start":{"line":170,"column":39},"end":{"line":170,"column":51}}],"line":170},"19":{"loc":{"start":{"line":184,"column":8},"end":{"line":188,"column":9}},"type":"if","locations":[{"start":{"line":184,"column":8},"end":{"line":188,"column":9}},{"start":{"line":184,"column":8},"end":{"line":188,"column":9}}],"line":184},"20":{"loc":{"start":{"line":196,"column":6},"end":{"line":198,"column":7}},"type":"if","locations":[{"start":{"line":196,"column":6},"end":{"line":198,"column":7}},{"start":{"line":196,"column":6},"end":{"line":198,"column":7}}],"line":196},"21":{"loc":{"start":{"line":199,"column":6},"end":{"line":203,"column":7}},"type":"if","locations":[{"start":{"line":199,"column":6},"end":{"line":203,"column":7}},{"start":{"line":199,"column":6},"end":{"line":203,"column":7}}],"line":199}},"s":{"0":1,"1":13,"2":4,"3":9,"4":6,"5":8,"6":23,"7":22,"8":1,"9":6,"10":3,"11":2,"12":1,"13":72,"14":1,"15":71,"16":71,"17":71,"18":43,"19":3,"20":71,"21":7,"22":39,"23":19,"24":4,"25":1,"26":8,"27":18,"28":1,"29":17,"30":17,"31":7,"32":12,"33":10,"34":17,"35":2,"36":3,"37":3,"38":1,"39":2,"40":1,"41":3,"42":1,"43":2,"44":19,"45":19,"46":8,"47":8,"48":8,"49":1,"50":7,"51":3,"52":4,"53":29,"54":1,"55":28,"56":28,"57":28,"58":28,"59":5,"60":5,"61":5,"62":5,"63":4,"64":4,"65":4,"66":5,"67":2,"68":1,"69":2,"70":1,"71":3,"72":2,"73":2,"74":1,"75":28,"76":28,"77":5,"78":28,"79":22,"80":4,"81":8,"82":0,"83":8,"84":18,"85":18,"86":29,"87":0,"88":29,"89":6,"90":23,"91":18,"92":2,"93":6,"94":1,"95":1,"96":5,"97":3},"f":{"0":13,"1":23,"2":6,"3":72,"4":3,"5":7,"6":39,"7":19,"8":4,"9":1,"10":8,"11":18,"12":2,"13":3,"14":19,"15":8,"16":29,"17":28,"18":22,"19":4,"20":8,"21":18,"22":2,"23":6,"24":1,"25":5,"26":3},"b":{"0":[4,9],"1":[6,3],"2":[22,1],"3":[3,2,1],"4":[1,71],"5":[43,28],"6":[1,17],"7":[7,10],"8":[1,2],"9":[1,1],"10":[1,7],"11":[3,4],"12":[1,28],"13":[5,23],"14":[4,1],"15":[2,3],"16":[1,1],"17":[2,1],"18":[33,5],"19":[0,8],"20":[0,29],"21":[6,23]},"_coverageSchema":"43e27e138ebf9cfc5966b082cf9a028302ed4184","hash":"7469e91fa9b67a149859a5a3bf923b491d86d59a"}
,"/Users/adrianhelvik/Npm/@adrianhelvik/vdom/src/MixedDOM/createNode.js": {"path":"/Users/adrianhelvik/Npm/@adrianhelvik/vdom/src/MixedDOM/createNode.js","statementMap":{"0":{"start":{"line":2,"column":2},"end":{"line":4,"column":3}},"1":{"start":{"line":3,"column":4},"end":{"line":3,"column":47}},"2":{"start":{"line":6,"column":15},"end":{"line":6,"column":55}},"3":{"start":{"line":8,"column":2},"end":{"line":12,"column":3}},"4":{"start":{"line":9,"column":4},"end":{"line":11,"column":5}},"5":{"start":{"line":10,"column":6},"end":{"line":10,"column":40}},"6":{"start":{"line":14,"column":2},"end":{"line":16,"column":3}},"7":{"start":{"line":15,"column":4},"end":{"line":15,"column":39}},"8":{"start":{"line":18,"column":2},"end":{"line":18,"column":13}}},"fnMap":{"0":{"name":"createNode","decl":{"start":{"line":1,"column":24},"end":{"line":1,"column":34}},"loc":{"start":{"line":1,"column":48},"end":{"line":19,"column":1}},"line":1}},"branchMap":{"0":{"loc":{"start":{"line":2,"column":2},"end":{"line":4,"column":3}},"type":"if","locations":[{"start":{"line":2,"column":2},"end":{"line":4,"column":3}},{"start":{"line":2,"column":2},"end":{"line":4,"column":3}}],"line":2},"1":{"loc":{"start":{"line":8,"column":32},"end":{"line":8,"column":55}},"type":"binary-expr","locations":[{"start":{"line":8,"column":32},"end":{"line":8,"column":49}},{"start":{"line":8,"column":53},"end":{"line":8,"column":55}}],"line":8},"2":{"loc":{"start":{"line":9,"column":4},"end":{"line":11,"column":5}},"type":"if","locations":[{"start":{"line":9,"column":4},"end":{"line":11,"column":5}},{"start":{"line":9,"column":4},"end":{"line":11,"column":5}}],"line":9}},"s":{"0":1,"1":0,"2":1,"3":1,"4":1,"5":0,"6":1,"7":0,"8":1},"f":{"0":1},"b":{"0":[0,1],"1":[1,0],"2":[0,1]},"_coverageSchema":"43e27e138ebf9cfc5966b082cf9a028302ed4184","hash":"6da41affd327797a9b0d7dd1e102e3491072f670"}
,"/Users/adrianhelvik/Npm/@adrianhelvik/vdom/src/Patcher/applyDiff.js": {"path":"/Users/adrianhelvik/Npm/@adrianhelvik/vdom/src/Patcher/applyDiff.js","statementMap":{"0":{"start":{"line":6,"column":2},"end":{"line":28,"column":3}},"1":{"start":{"line":7,"column":18},"end":{"line":7,"column":53}},"2":{"start":{"line":9,"column":4},"end":{"line":27,"column":5}},"3":{"start":{"line":11,"column":8},"end":{"line":14,"column":9}},"4":{"start":{"line":15,"column":8},"end":{"line":15,"column":13}},"5":{"start":{"line":17,"column":8},"end":{"line":17,"column":54}},"6":{"start":{"line":18,"column":8},"end":{"line":18,"column":13}},"7":{"start":{"line":20,"column":8},"end":{"line":26,"column":9}}},"fnMap":{"0":{"name":"applyDiff","decl":{"start":{"line":3,"column":24},"end":{"line":3,"column":33}},"loc":{"start":{"line":3,"column":51},"end":{"line":29,"column":1}},"line":3}},"branchMap":{"0":{"loc":{"start":{"line":9,"column":4},"end":{"line":27,"column":5}},"type":"switch","locations":[{"start":{"line":10,"column":6},"end":{"line":15,"column":13}},{"start":{"line":16,"column":6},"end":{"line":18,"column":13}},{"start":{"line":19,"column":6},"end":{"line":26,"column":9}}],"line":9}},"s":{"0":1,"1":1,"2":1,"3":0,"4":0,"5":1,"6":1,"7":0},"f":{"0":1},"b":{"0":[0,1,0]},"_coverageSchema":"43e27e138ebf9cfc5966b082cf9a028302ed4184","hash":"e68ccffec0a91144f3ea8d64e8d94bdf2eb8dec8"}
,"/Users/adrianhelvik/Npm/@adrianhelvik/vdom/src/VirtualDOM/createDiff.js": {"path":"/Users/adrianhelvik/Npm/@adrianhelvik/vdom/src/VirtualDOM/createDiff.js","statementMap":{"0":{"start":{"line":5,"column":15},"end":{"line":5,"column":17}},"1":{"start":{"line":7,"column":2},"end":{"line":7,"column":42}},"2":{"start":{"line":9,"column":2},"end":{"line":9,"column":13}}},"fnMap":{"0":{"name":"diff","decl":{"start":{"line":4,"column":24},"end":{"line":4,"column":28}},"loc":{"start":{"line":4,"column":41},"end":{"line":10,"column":1}},"line":4}},"branchMap":{},"s":{"0":3,"1":3,"2":3},"f":{"0":3},"b":{},"_coverageSchema":"43e27e138ebf9cfc5966b082cf9a028302ed4184","hash":"6f4f3d2a15e43101ed744cc0eb21e3a875846143"}
,"/Users/adrianhelvik/Npm/@adrianhelvik/vdom/src/VirtualDOM/createElement.js": {"path":"/Users/adrianhelvik/Npm/@adrianhelvik/vdom/src/VirtualDOM/createElement.js","statementMap":{"0":{"start":{"line":2,"column":2},"end":{"line":4,"column":3}},"1":{"start":{"line":3,"column":4},"end":{"line":3,"column":14}},"2":{"start":{"line":6,"column":2},"end":{"line":13,"column":3}},"3":{"start":{"line":16,"column":0},"end":{"line":16,"column":47}}},"fnMap":{"0":{"name":"createElement","decl":{"start":{"line":1,"column":24},"end":{"line":1,"column":37}},"loc":{"start":{"line":1,"column":64},"end":{"line":14,"column":1}},"line":1}},"branchMap":{"0":{"loc":{"start":{"line":2,"column":2},"end":{"line":4,"column":3}},"type":"if","locations":[{"start":{"line":2,"column":2},"end":{"line":4,"column":3}},{"start":{"line":2,"column":2},"end":{"line":4,"column":3}}],"line":2}},"s":{"0":9,"1":3,"2":9,"3":3},"f":{"0":9},"b":{"0":[3,6]},"_coverageSchema":"43e27e138ebf9cfc5966b082cf9a028302ed4184","hash":"cb32e7b1c6aca1572466ddb05c3d4b864f005df8"}
,"/Users/adrianhelvik/Npm/@adrianhelvik/vdom/src/VirtualDOM/diffChildren.js": {"path":"/Users/adrianhelvik/Npm/@adrianhelvik/vdom/src/VirtualDOM/diffChildren.js","statementMap":{"0":{"start":{"line":4,"column":20},"end":{"line":4,"column":54}},"1":{"start":{"line":5,"column":15},"end":{"line":5,"column":17}},"2":{"start":{"line":7,"column":2},"end":{"line":9,"column":3}},"3":{"start":{"line":7,"column":15},"end":{"line":7,"column":16}},"4":{"start":{"line":8,"column":4},"end":{"line":8,"column":61}},"5":{"start":{"line":11,"column":2},"end":{"line":11,"column":13}}},"fnMap":{"0":{"name":"diffChildren","decl":{"start":{"line":3,"column":24},"end":{"line":3,"column":36}},"loc":{"start":{"line":3,"column":55},"end":{"line":12,"column":1}},"line":3}},"branchMap":{},"s":{"0":1,"1":1,"2":1,"3":1,"4":1,"5":1},"f":{"0":1},"b":{},"_coverageSchema":"43e27e138ebf9cfc5966b082cf9a028302ed4184","hash":"aef5726b6bb9e73efb05681e914f2fbb51961c81"}
,"/Users/adrianhelvik/Npm/@adrianhelvik/vdom/src/VirtualDOM/diffNodes.js": {"path":"/Users/adrianhelvik/Npm/@adrianhelvik/vdom/src/VirtualDOM/diffNodes.js","statementMap":{"0":{"start":{"line":4,"column":2},"end":{"line":6,"column":3}},"1":{"start":{"line":5,"column":4},"end":{"line":5,"column":13}},"2":{"start":{"line":8,"column":2},"end":{"line":16,"column":3}},"3":{"start":{"line":9,"column":4},"end":{"line":15,"column":5}},"4":{"start":{"line":18,"column":2},"end":{"line":25,"column":3}},"5":{"start":{"line":19,"column":4},"end":{"line":24,"column":5}},"6":{"start":{"line":27,"column":2},"end":{"line":39,"column":3}},"7":{"start":{"line":28,"column":4},"end":{"line":38,"column":5}},"8":{"start":{"line":29,"column":6},"end":{"line":35,"column":7}},"9":{"start":{"line":37,"column":6},"end":{"line":37,"column":52}},"10":{"start":{"line":41,"column":2},"end":{"line":49,"column":3}},"11":{"start":{"line":42,"column":4},"end":{"line":48,"column":5}},"12":{"start":{"line":51,"column":2},"end":{"line":51,"column":11}}},"fnMap":{"0":{"name":"diffNodes","decl":{"start":{"line":3,"column":24},"end":{"line":3,"column":33}},"loc":{"start":{"line":3,"column":57},"end":{"line":52,"column":1}},"line":3}},"branchMap":{"0":{"loc":{"start":{"line":3,"column":46},"end":{"line":3,"column":55}},"type":"default-arg","locations":[{"start":{"line":3,"column":53},"end":{"line":3,"column":55}}],"line":3},"1":{"loc":{"start":{"line":4,"column":2},"end":{"line":6,"column":3}},"type":"if","locations":[{"start":{"line":4,"column":2},"end":{"line":6,"column":3}},{"start":{"line":4,"column":2},"end":{"line":6,"column":3}}],"line":4},"2":{"loc":{"start":{"line":4,"column":6},"end":{"line":4,"column":34}},"type":"binary-expr","locations":[{"start":{"line":4,"column":6},"end":{"line":4,"column":18}},{"start":{"line":4,"column":22},"end":{"line":4,"column":34}}],"line":4},"3":{"loc":{"start":{"line":8,"column":2},"end":{"line":16,"column":3}},"type":"if","locations":[{"start":{"line":8,"column":2},"end":{"line":16,"column":3}},{"start":{"line":8,"column":2},"end":{"line":16,"column":3}}],"line":8},"4":{"loc":{"start":{"line":18,"column":2},"end":{"line":25,"column":3}},"type":"if","locations":[{"start":{"line":18,"column":2},"end":{"line":25,"column":3}},{"start":{"line":18,"column":2},"end":{"line":25,"column":3}}],"line":18},"5":{"loc":{"start":{"line":27,"column":2},"end":{"line":39,"column":3}},"type":"if","locations":[{"start":{"line":27,"column":2},"end":{"line":39,"column":3}},{"start":{"line":27,"column":2},"end":{"line":39,"column":3}}],"line":27},"6":{"loc":{"start":{"line":27,"column":6},"end":{"line":27,"column":58}},"type":"binary-expr","locations":[{"start":{"line":27,"column":6},"end":{"line":27,"column":30}},{"start":{"line":27,"column":34},"end":{"line":27,"column":58}}],"line":27},"7":{"loc":{"start":{"line":28,"column":4},"end":{"line":38,"column":5}},"type":"if","locations":[{"start":{"line":28,"column":4},"end":{"line":38,"column":5}},{"start":{"line":28,"column":4},"end":{"line":38,"column":5}}],"line":28},"8":{"loc":{"start":{"line":28,"column":8},"end":{"line":28,"column":56}},"type":"binary-expr","locations":[{"start":{"line":28,"column":8},"end":{"line":28,"column":31}},{"start":{"line":28,"column":35},"end":{"line":28,"column":56}}],"line":28},"9":{"loc":{"start":{"line":41,"column":2},"end":{"line":49,"column":3}},"type":"if","locations":[{"start":{"line":41,"column":2},"end":{"line":49,"column":3}},{"start":{"line":41,"column":2},"end":{"line":49,"column":3}}],"line":41}},"s":{"0":11,"1":1,"2":10,"3":5,"4":5,"5":1,"6":4,"7":4,"8":2,"9":2,"10":0,"11":0,"12":0},"f":{"0":11},"b":{"0":[7],"1":[1,10],"2":[11,6],"3":[5,5],"4":[1,4],"5":[4,0],"6":[4,4],"7":[2,2],"8":[4,3],"9":[0,0]},"_coverageSchema":"43e27e138ebf9cfc5966b082cf9a028302ed4184","hash":"361549ef35792876f8315d81d74e0ce7a180ec8c"}
,"/Users/adrianhelvik/Npm/@adrianhelvik/vdom/src/VirtualDOM/diffProps.js": {"path":"/Users/adrianhelvik/Npm/@adrianhelvik/vdom/src/VirtualDOM/diffProps.js","statementMap":{"0":{"start":{"line":4,"column":2},"end":{"line":4,"column":29}},"1":{"start":{"line":4,"column":20},"end":{"line":4,"column":29}},"2":{"start":{"line":5,"column":2},"end":{"line":5,"column":29}},"3":{"start":{"line":5,"column":20},"end":{"line":5,"column":29}},"4":{"start":{"line":7,"column":15},"end":{"line":7,"column":17}},"5":{"start":{"line":9,"column":2},"end":{"line":17,"column":3}},"6":{"start":{"line":10,"column":4},"end":{"line":16,"column":5}},"7":{"start":{"line":11,"column":6},"end":{"line":15,"column":8}},"8":{"start":{"line":19,"column":2},"end":{"line":41,"column":3}},"9":{"start":{"line":20,"column":4},"end":{"line":40,"column":5}},"10":{"start":{"line":21,"column":6},"end":{"line":32,"column":7}},"11":{"start":{"line":22,"column":8},"end":{"line":31,"column":9}},"12":{"start":{"line":23,"column":10},"end":{"line":23,"column":64}},"13":{"start":{"line":25,"column":10},"end":{"line":30,"column":12}},"14":{"start":{"line":34,"column":6},"end":{"line":39,"column":8}},"15":{"start":{"line":43,"column":2},"end":{"line":43,"column":13}}},"fnMap":{"0":{"name":"diffProps","decl":{"start":{"line":3,"column":24},"end":{"line":3,"column":33}},"loc":{"start":{"line":3,"column":52},"end":{"line":44,"column":1}},"line":3}},"branchMap":{"0":{"loc":{"start":{"line":4,"column":2},"end":{"line":4,"column":29}},"type":"if","locations":[{"start":{"line":4,"column":2},"end":{"line":4,"column":29}},{"start":{"line":4,"column":2},"end":{"line":4,"column":29}}],"line":4},"1":{"loc":{"start":{"line":5,"column":2},"end":{"line":5,"column":29}},"type":"if","locations":[{"start":{"line":5,"column":2},"end":{"line":5,"column":29}},{"start":{"line":5,"column":2},"end":{"line":5,"column":29}}],"line":5},"2":{"loc":{"start":{"line":10,"column":4},"end":{"line":16,"column":5}},"type":"if","locations":[{"start":{"line":10,"column":4},"end":{"line":16,"column":5}},{"start":{"line":10,"column":4},"end":{"line":16,"column":5}}],"line":10},"3":{"loc":{"start":{"line":20,"column":4},"end":{"line":40,"column":5}},"type":"if","locations":[{"start":{"line":20,"column":4},"end":{"line":40,"column":5}},{"start":{"line":20,"column":4},"end":{"line":40,"column":5}}],"line":20},"4":{"loc":{"start":{"line":21,"column":6},"end":{"line":32,"column":7}},"type":"if","locations":[{"start":{"line":21,"column":6},"end":{"line":32,"column":7}},{"start":{"line":21,"column":6},"end":{"line":32,"column":7}}],"line":21},"5":{"loc":{"start":{"line":22,"column":8},"end":{"line":31,"column":9}},"type":"if","locations":[{"start":{"line":22,"column":8},"end":{"line":31,"column":9}},{"start":{"line":22,"column":8},"end":{"line":31,"column":9}}],"line":22}},"s":{"0":6,"1":1,"2":6,"3":1,"4":6,"5":6,"6":4,"7":1,"8":6,"9":4,"10":3,"11":2,"12":1,"13":1,"14":1,"15":6},"f":{"0":6},"b":{"0":[1,5],"1":[1,5],"2":[1,3],"3":[3,1],"4":[2,1],"5":[1,1]},"_coverageSchema":"43e27e138ebf9cfc5966b082cf9a028302ed4184","hash":"8de671468dfbe30f34484293a692b3964eb8df27"}
}
