{"/Users/adrianhelvik/Npm/@adrianhelvik/vdom/src/MixedDOM/Node.js": {"path":"/Users/adrianhelvik/Npm/@adrianhelvik/vdom/src/MixedDOM/Node.js","statementMap":{"0":{"start":{"line":1,"column":18},"end":{"line":1,"column":23}},"1":{"start":{"line":3,"column":12},"end":{"line":3,"column":25}},"2":{"start":{"line":16,"column":2},"end":{"line":19,"column":3}},"3":{"start":{"line":20,"column":2},"end":{"line":22,"column":3}},"4":{"start":{"line":21,"column":4},"end":{"line":21,"column":15}},"5":{"start":{"line":23,"column":2},"end":{"line":25,"column":3}},"6":{"start":{"line":24,"column":4},"end":{"line":24,"column":31}},"7":{"start":{"line":26,"column":2},"end":{"line":26,"column":22}},"8":{"start":{"line":30,"column":2},"end":{"line":34,"column":3}},"9":{"start":{"line":31,"column":4},"end":{"line":31,"column":27}},"10":{"start":{"line":33,"column":4},"end":{"line":33,"column":15}},"11":{"start":{"line":38,"column":2},"end":{"line":45,"column":3}},"12":{"start":{"line":40,"column":6},"end":{"line":40,"column":30}},"13":{"start":{"line":42,"column":6},"end":{"line":42,"column":27}},"14":{"start":{"line":44,"column":6},"end":{"line":44,"column":56}},"15":{"start":{"line":50,"column":4},"end":{"line":61,"column":5}},"16":{"start":{"line":51,"column":6},"end":{"line":51,"column":33}},"17":{"start":{"line":53,"column":6},"end":{"line":53,"column":36}},"18":{"start":{"line":54,"column":6},"end":{"line":54,"column":28}},"19":{"start":{"line":55,"column":6},"end":{"line":59,"column":7}},"20":{"start":{"line":56,"column":8},"end":{"line":58,"column":9}},"21":{"start":{"line":57,"column":10},"end":{"line":57,"column":20}},"22":{"start":{"line":60,"column":6},"end":{"line":60,"column":32}},"23":{"start":{"line":112,"column":4},"end":{"line":112,"column":50}},"24":{"start":{"line":120,"column":4},"end":{"line":120,"column":52}},"25":{"start":{"line":124,"column":4},"end":{"line":124,"column":25}},"26":{"start":{"line":128,"column":4},"end":{"line":128,"column":37}},"27":{"start":{"line":132,"column":4},"end":{"line":132,"column":60}},"28":{"start":{"line":136,"column":4},"end":{"line":136,"column":37}},"29":{"start":{"line":147,"column":4},"end":{"line":149,"column":5}},"30":{"start":{"line":148,"column":6},"end":{"line":148,"column":48}},"31":{"start":{"line":150,"column":4},"end":{"line":150,"column":26}},"32":{"start":{"line":151,"column":4},"end":{"line":161,"column":5}},"33":{"start":{"line":152,"column":6},"end":{"line":158,"column":7}},"34":{"start":{"line":157,"column":8},"end":{"line":157,"column":50}},"35":{"start":{"line":160,"column":6},"end":{"line":160,"column":48}},"36":{"start":{"line":162,"column":4},"end":{"line":162,"column":30}},"37":{"start":{"line":170,"column":4},"end":{"line":170,"column":37}},"38":{"start":{"line":174,"column":18},"end":{"line":174,"column":48}},"39":{"start":{"line":176,"column":4},"end":{"line":178,"column":5}},"40":{"start":{"line":177,"column":6},"end":{"line":177,"column":50}},"41":{"start":{"line":180,"column":4},"end":{"line":186,"column":5}},"42":{"start":{"line":181,"column":6},"end":{"line":183,"column":7}},"43":{"start":{"line":182,"column":8},"end":{"line":182,"column":33}},"44":{"start":{"line":185,"column":6},"end":{"line":185,"column":49}},"45":{"start":{"line":187,"column":4},"end":{"line":187,"column":36}},"46":{"start":{"line":193,"column":4},"end":{"line":193,"column":22}},"47":{"start":{"line":197,"column":4},"end":{"line":197,"column":13}},"48":{"start":{"line":198,"column":4},"end":{"line":198,"column":26}},"49":{"start":{"line":202,"column":4},"end":{"line":206,"column":5}},"50":{"start":{"line":203,"column":6},"end":{"line":203,"column":74}},"51":{"start":{"line":205,"column":6},"end":{"line":205,"column":58}},"52":{"start":{"line":210,"column":17},"end":{"line":210,"column":36}},"53":{"start":{"line":211,"column":4},"end":{"line":213,"column":5}},"54":{"start":{"line":212,"column":6},"end":{"line":212,"column":17}},"55":{"start":{"line":214,"column":4},"end":{"line":218,"column":5}},"56":{"start":{"line":215,"column":6},"end":{"line":215,"column":48}},"57":{"start":{"line":217,"column":6},"end":{"line":217,"column":32}},"58":{"start":{"line":229,"column":4},"end":{"line":231,"column":5}},"59":{"start":{"line":230,"column":6},"end":{"line":230,"column":48}},"60":{"start":{"line":232,"column":4},"end":{"line":232,"column":31}},"61":{"start":{"line":233,"column":4},"end":{"line":233,"column":26}},"62":{"start":{"line":234,"column":22},"end":{"line":234,"column":46}},"63":{"start":{"line":235,"column":4},"end":{"line":298,"column":5}},"64":{"start":{"line":236,"column":23},"end":{"line":236,"column":77}},"65":{"start":{"line":237,"column":26},"end":{"line":237,"column":59}},"66":{"start":{"line":247,"column":6},"end":{"line":265,"column":7}},"67":{"start":{"line":248,"column":22},"end":{"line":248,"column":51}},"68":{"start":{"line":258,"column":8},"end":{"line":264,"column":9}},"69":{"start":{"line":263,"column":10},"end":{"line":263,"column":36}},"70":{"start":{"line":267,"column":6},"end":{"line":297,"column":7}},"71":{"start":{"line":268,"column":8},"end":{"line":288,"column":9}},"72":{"start":{"line":269,"column":10},"end":{"line":285,"column":11}},"73":{"start":{"line":281,"column":12},"end":{"line":284,"column":13}},"74":{"start":{"line":287,"column":10},"end":{"line":287,"column":80}},"75":{"start":{"line":290,"column":8},"end":{"line":296,"column":9}},"76":{"start":{"line":291,"column":10},"end":{"line":293,"column":11}},"77":{"start":{"line":292,"column":12},"end":{"line":292,"column":64}},"78":{"start":{"line":295,"column":10},"end":{"line":295,"column":61}},"79":{"start":{"line":311,"column":15},"end":{"line":311,"column":30}},"80":{"start":{"line":313,"column":4},"end":{"line":315,"column":5}},"81":{"start":{"line":314,"column":6},"end":{"line":314,"column":28}},"82":{"start":{"line":317,"column":4},"end":{"line":317,"column":15}},"83":{"start":{"line":321,"column":4},"end":{"line":321,"column":27}},"84":{"start":{"line":325,"column":4},"end":{"line":333,"column":15}},"85":{"start":{"line":327,"column":8},"end":{"line":331,"column":9}},"86":{"start":{"line":328,"column":10},"end":{"line":328,"column":33}},"87":{"start":{"line":330,"column":10},"end":{"line":330,"column":31}},"88":{"start":{"line":337,"column":19},"end":{"line":337,"column":21}},"89":{"start":{"line":338,"column":4},"end":{"line":347,"column":5}},"90":{"start":{"line":339,"column":6},"end":{"line":341,"column":7}},"91":{"start":{"line":340,"column":8},"end":{"line":340,"column":51}},"92":{"start":{"line":342,"column":6},"end":{"line":346,"column":7}},"93":{"start":{"line":343,"column":8},"end":{"line":343,"column":43}},"94":{"start":{"line":345,"column":8},"end":{"line":345,"column":25}},"95":{"start":{"line":348,"column":4},"end":{"line":348,"column":17}},"96":{"start":{"line":352,"column":4},"end":{"line":352,"column":25}},"97":{"start":{"line":358,"column":4},"end":{"line":358,"column":35}},"98":{"start":{"line":369,"column":4},"end":{"line":369,"column":39}},"99":{"start":{"line":373,"column":13},"end":{"line":374,"column":64}},"100":{"start":{"line":374,"column":2},"end":{"line":374,"column":64}},"101":{"start":{"line":374,"column":37},"end":{"line":374,"column":63}},"102":{"start":{"line":376,"column":15},"end":{"line":380,"column":15}},"103":{"start":{"line":377,"column":2},"end":{"line":380,"column":15}},"104":{"start":{"line":379,"column":14},"end":{"line":379,"column":22}}},"fnMap":{"0":{"name":"wrap","decl":{"start":{"line":15,"column":16},"end":{"line":15,"column":20}},"loc":{"start":{"line":15,"column":27},"end":{"line":27,"column":1}},"line":15},"1":{"name":"unwrap","decl":{"start":{"line":29,"column":16},"end":{"line":29,"column":22}},"loc":{"start":{"line":29,"column":29},"end":{"line":35,"column":1}},"line":29},"2":{"name":"create","decl":{"start":{"line":37,"column":9},"end":{"line":37,"column":15}},"loc":{"start":{"line":37,"column":22},"end":{"line":46,"column":1}},"line":37},"3":{"name":"(anonymous_3)","decl":{"start":{"line":49,"column":2},"end":{"line":49,"column":3}},"loc":{"start":{"line":49,"column":27},"end":{"line":62,"column":3}},"line":49},"4":{"name":"(anonymous_4)","decl":{"start":{"line":56,"column":65},"end":{"line":56,"column":66}},"loc":{"start":{"line":57,"column":10},"end":{"line":57,"column":20}},"line":57},"5":{"name":"(anonymous_5)","decl":{"start":{"line":111,"column":2},"end":{"line":111,"column":3}},"loc":{"start":{"line":111,"column":26},"end":{"line":113,"column":3}},"line":111},"6":{"name":"(anonymous_6)","decl":{"start":{"line":115,"column":2},"end":{"line":115,"column":3}},"loc":{"start":{"line":115,"column":29},"end":{"line":121,"column":3}},"line":115},"7":{"name":"(anonymous_7)","decl":{"start":{"line":123,"column":2},"end":{"line":123,"column":3}},"loc":{"start":{"line":123,"column":26},"end":{"line":125,"column":3}},"line":123},"8":{"name":"(anonymous_8)","decl":{"start":{"line":127,"column":2},"end":{"line":127,"column":3}},"loc":{"start":{"line":127,"column":18},"end":{"line":129,"column":3}},"line":127},"9":{"name":"(anonymous_9)","decl":{"start":{"line":131,"column":2},"end":{"line":131,"column":3}},"loc":{"start":{"line":131,"column":23},"end":{"line":133,"column":3}},"line":131},"10":{"name":"(anonymous_10)","decl":{"start":{"line":135,"column":2},"end":{"line":135,"column":3}},"loc":{"start":{"line":135,"column":18},"end":{"line":137,"column":3}},"line":135},"11":{"name":"(anonymous_11)","decl":{"start":{"line":139,"column":2},"end":{"line":139,"column":3}},"loc":{"start":{"line":139,"column":20},"end":{"line":167,"column":3}},"line":139},"12":{"name":"(anonymous_12)","decl":{"start":{"line":169,"column":2},"end":{"line":169,"column":3}},"loc":{"start":{"line":169,"column":11},"end":{"line":171,"column":3}},"line":169},"13":{"name":"(anonymous_13)","decl":{"start":{"line":173,"column":2},"end":{"line":173,"column":3}},"loc":{"start":{"line":173,"column":21},"end":{"line":188,"column":3}},"line":173},"14":{"name":"(anonymous_14)","decl":{"start":{"line":192,"column":2},"end":{"line":192,"column":3}},"loc":{"start":{"line":192,"column":16},"end":{"line":194,"column":3}},"line":192},"15":{"name":"(anonymous_15)","decl":{"start":{"line":196,"column":2},"end":{"line":196,"column":3}},"loc":{"start":{"line":196,"column":16},"end":{"line":199,"column":3}},"line":196},"16":{"name":"(anonymous_16)","decl":{"start":{"line":201,"column":2},"end":{"line":201,"column":3}},"loc":{"start":{"line":201,"column":31},"end":{"line":207,"column":3}},"line":201},"17":{"name":"(anonymous_17)","decl":{"start":{"line":209,"column":2},"end":{"line":209,"column":3}},"loc":{"start":{"line":209,"column":18},"end":{"line":219,"column":3}},"line":209},"18":{"name":"(anonymous_18)","decl":{"start":{"line":221,"column":2},"end":{"line":221,"column":3}},"loc":{"start":{"line":221,"column":20},"end":{"line":308,"column":3}},"line":221},"19":{"name":"(anonymous_19)","decl":{"start":{"line":310,"column":2},"end":{"line":310,"column":3}},"loc":{"start":{"line":310,"column":22},"end":{"line":318,"column":3}},"line":310},"20":{"name":"(anonymous_20)","decl":{"start":{"line":320,"column":2},"end":{"line":320,"column":3}},"loc":{"start":{"line":320,"column":19},"end":{"line":322,"column":3}},"line":320},"21":{"name":"(anonymous_21)","decl":{"start":{"line":324,"column":2},"end":{"line":324,"column":3}},"loc":{"start":{"line":324,"column":18},"end":{"line":334,"column":3}},"line":324},"22":{"name":"(anonymous_22)","decl":{"start":{"line":326,"column":11},"end":{"line":326,"column":12}},"loc":{"start":{"line":326,"column":19},"end":{"line":332,"column":7}},"line":326},"23":{"name":"(anonymous_23)","decl":{"start":{"line":336,"column":2},"end":{"line":336,"column":3}},"loc":{"start":{"line":336,"column":17},"end":{"line":349,"column":3}},"line":336},"24":{"name":"(anonymous_24)","decl":{"start":{"line":351,"column":2},"end":{"line":351,"column":3}},"loc":{"start":{"line":351,"column":18},"end":{"line":353,"column":3}},"line":351},"25":{"name":"(anonymous_25)","decl":{"start":{"line":357,"column":2},"end":{"line":357,"column":3}},"loc":{"start":{"line":357,"column":16},"end":{"line":359,"column":3}},"line":357},"26":{"name":"(anonymous_26)","decl":{"start":{"line":368,"column":2},"end":{"line":368,"column":3}},"loc":{"start":{"line":368,"column":20},"end":{"line":370,"column":3}},"line":368},"27":{"name":"(anonymous_27)","decl":{"start":{"line":373,"column":13},"end":{"line":373,"column":14}},"loc":{"start":{"line":374,"column":2},"end":{"line":374,"column":64}},"line":374},"28":{"name":"(anonymous_28)","decl":{"start":{"line":374,"column":29},"end":{"line":374,"column":30}},"loc":{"start":{"line":374,"column":37},"end":{"line":374,"column":63}},"line":374},"29":{"name":"(anonymous_29)","decl":{"start":{"line":376,"column":15},"end":{"line":376,"column":16}},"loc":{"start":{"line":377,"column":2},"end":{"line":380,"column":15}},"line":377},"30":{"name":"(anonymous_30)","decl":{"start":{"line":379,"column":9},"end":{"line":379,"column":10}},"loc":{"start":{"line":379,"column":14},"end":{"line":379,"column":22}},"line":379}},"branchMap":{"0":{"loc":{"start":{"line":16,"column":2},"end":{"line":19,"column":3}},"type":"if","locations":[{"start":{"line":16,"column":2},"end":{"line":19,"column":3}},{"start":{"line":16,"column":2},"end":{"line":19,"column":3}}],"line":16},"1":{"loc":{"start":{"line":20,"column":2},"end":{"line":22,"column":3}},"type":"if","locations":[{"start":{"line":20,"column":2},"end":{"line":22,"column":3}},{"start":{"line":20,"column":2},"end":{"line":22,"column":3}}],"line":20},"2":{"loc":{"start":{"line":23,"column":2},"end":{"line":25,"column":3}},"type":"if","locations":[{"start":{"line":23,"column":2},"end":{"line":25,"column":3}},{"start":{"line":23,"column":2},"end":{"line":25,"column":3}}],"line":23},"3":{"loc":{"start":{"line":30,"column":2},"end":{"line":34,"column":3}},"type":"if","locations":[{"start":{"line":30,"column":2},"end":{"line":34,"column":3}},{"start":{"line":30,"column":2},"end":{"line":34,"column":3}}],"line":30},"4":{"loc":{"start":{"line":38,"column":2},"end":{"line":45,"column":3}},"type":"switch","locations":[{"start":{"line":39,"column":4},"end":{"line":40,"column":30}},{"start":{"line":41,"column":4},"end":{"line":42,"column":27}},{"start":{"line":43,"column":4},"end":{"line":44,"column":56}}],"line":38},"5":{"loc":{"start":{"line":50,"column":4},"end":{"line":61,"column":5}},"type":"if","locations":[{"start":{"line":50,"column":4},"end":{"line":61,"column":5}},{"start":{"line":50,"column":4},"end":{"line":61,"column":5}}],"line":50},"6":{"loc":{"start":{"line":55,"column":6},"end":{"line":59,"column":7}},"type":"if","locations":[{"start":{"line":55,"column":6},"end":{"line":59,"column":7}},{"start":{"line":55,"column":6},"end":{"line":59,"column":7}}],"line":55},"7":{"loc":{"start":{"line":147,"column":4},"end":{"line":149,"column":5}},"type":"if","locations":[{"start":{"line":147,"column":4},"end":{"line":149,"column":5}},{"start":{"line":147,"column":4},"end":{"line":149,"column":5}}],"line":147},"8":{"loc":{"start":{"line":151,"column":4},"end":{"line":161,"column":5}},"type":"if","locations":[{"start":{"line":151,"column":4},"end":{"line":161,"column":5}},{"start":{"line":151,"column":4},"end":{"line":161,"column":5}}],"line":151},"9":{"loc":{"start":{"line":176,"column":4},"end":{"line":178,"column":5}},"type":"if","locations":[{"start":{"line":176,"column":4},"end":{"line":178,"column":5}},{"start":{"line":176,"column":4},"end":{"line":178,"column":5}}],"line":176},"10":{"loc":{"start":{"line":180,"column":4},"end":{"line":186,"column":5}},"type":"if","locations":[{"start":{"line":180,"column":4},"end":{"line":186,"column":5}},{"start":{"line":180,"column":4},"end":{"line":186,"column":5}}],"line":180},"11":{"loc":{"start":{"line":202,"column":4},"end":{"line":206,"column":5}},"type":"if","locations":[{"start":{"line":202,"column":4},"end":{"line":206,"column":5}},{"start":{"line":202,"column":4},"end":{"line":206,"column":5}}],"line":202},"12":{"loc":{"start":{"line":211,"column":4},"end":{"line":213,"column":5}},"type":"if","locations":[{"start":{"line":211,"column":4},"end":{"line":213,"column":5}},{"start":{"line":211,"column":4},"end":{"line":213,"column":5}}],"line":211},"13":{"loc":{"start":{"line":214,"column":4},"end":{"line":218,"column":5}},"type":"if","locations":[{"start":{"line":214,"column":4},"end":{"line":218,"column":5}},{"start":{"line":214,"column":4},"end":{"line":218,"column":5}}],"line":214},"14":{"loc":{"start":{"line":229,"column":4},"end":{"line":231,"column":5}},"type":"if","locations":[{"start":{"line":229,"column":4},"end":{"line":231,"column":5}},{"start":{"line":229,"column":4},"end":{"line":231,"column":5}}],"line":229},"15":{"loc":{"start":{"line":235,"column":4},"end":{"line":298,"column":5}},"type":"if","locations":[{"start":{"line":235,"column":4},"end":{"line":298,"column":5}},{"start":{"line":235,"column":4},"end":{"line":298,"column":5}}],"line":235},"16":{"loc":{"start":{"line":247,"column":6},"end":{"line":265,"column":7}},"type":"if","locations":[{"start":{"line":247,"column":6},"end":{"line":265,"column":7}},{"start":{"line":247,"column":6},"end":{"line":265,"column":7}}],"line":247},"17":{"loc":{"start":{"line":258,"column":8},"end":{"line":264,"column":9}},"type":"if","locations":[{"start":{"line":258,"column":8},"end":{"line":264,"column":9}},{"start":{"line":258,"column":8},"end":{"line":264,"column":9}}],"line":258},"18":{"loc":{"start":{"line":267,"column":6},"end":{"line":297,"column":7}},"type":"if","locations":[{"start":{"line":267,"column":6},"end":{"line":297,"column":7}},{"start":{"line":267,"column":6},"end":{"line":297,"column":7}}],"line":267},"19":{"loc":{"start":{"line":268,"column":8},"end":{"line":288,"column":9}},"type":"if","locations":[{"start":{"line":268,"column":8},"end":{"line":288,"column":9}},{"start":{"line":268,"column":8},"end":{"line":288,"column":9}}],"line":268},"20":{"loc":{"start":{"line":290,"column":8},"end":{"line":296,"column":9}},"type":"if","locations":[{"start":{"line":290,"column":8},"end":{"line":296,"column":9}},{"start":{"line":290,"column":8},"end":{"line":296,"column":9}}],"line":290},"21":{"loc":{"start":{"line":313,"column":11},"end":{"line":313,"column":51}},"type":"binary-expr","locations":[{"start":{"line":313,"column":11},"end":{"line":313,"column":35}},{"start":{"line":313,"column":39},"end":{"line":313,"column":51}}],"line":313},"22":{"loc":{"start":{"line":327,"column":8},"end":{"line":331,"column":9}},"type":"if","locations":[{"start":{"line":327,"column":8},"end":{"line":331,"column":9}},{"start":{"line":327,"column":8},"end":{"line":331,"column":9}}],"line":327},"23":{"loc":{"start":{"line":339,"column":6},"end":{"line":341,"column":7}},"type":"if","locations":[{"start":{"line":339,"column":6},"end":{"line":341,"column":7}},{"start":{"line":339,"column":6},"end":{"line":341,"column":7}}],"line":339},"24":{"loc":{"start":{"line":342,"column":6},"end":{"line":346,"column":7}},"type":"if","locations":[{"start":{"line":342,"column":6},"end":{"line":346,"column":7}},{"start":{"line":342,"column":6},"end":{"line":346,"column":7}}],"line":342}},"s":{"0":1,"1":1,"2":16,"3":16,"4":4,"5":12,"6":6,"7":11,"8":22,"9":21,"10":1,"11":6,"12":3,"13":2,"14":1,"15":74,"16":1,"17":73,"18":73,"19":73,"20":42,"21":3,"22":73,"23":8,"24":38,"25":21,"26":4,"27":1,"28":13,"29":17,"30":1,"31":16,"32":16,"33":7,"34":12,"35":9,"36":16,"37":2,"38":3,"39":3,"40":1,"41":2,"42":1,"43":3,"44":1,"45":2,"46":0,"47":21,"48":21,"49":5,"50":3,"51":2,"52":3,"53":3,"54":1,"55":2,"56":0,"57":2,"58":31,"59":1,"60":30,"61":30,"62":30,"63":30,"64":5,"65":5,"66":5,"67":2,"68":2,"69":2,"70":5,"71":1,"72":0,"73":0,"74":1,"75":4,"76":3,"77":4,"78":1,"79":30,"80":30,"81":5,"82":30,"83":19,"84":5,"85":9,"86":1,"87":8,"88":15,"89":15,"90":23,"91":0,"92":23,"93":4,"94":19,"95":15,"96":2,"97":12,"98":2,"99":1,"100":0,"101":0,"102":1,"103":8,"104":50},"f":{"0":16,"1":22,"2":6,"3":74,"4":3,"5":8,"6":38,"7":21,"8":4,"9":1,"10":13,"11":17,"12":2,"13":3,"14":0,"15":21,"16":5,"17":3,"18":31,"19":30,"20":19,"21":5,"22":9,"23":15,"24":2,"25":12,"26":2,"27":0,"28":0,"29":8,"30":50},"b":{"0":[0,16],"1":[4,12],"2":[6,6],"3":[21,1],"4":[3,2,1],"5":[1,73],"6":[42,31],"7":[1,16],"8":[7,9],"9":[1,2],"10":[1,1],"11":[3,2],"12":[1,2],"13":[0,2],"14":[1,30],"15":[5,25],"16":[2,3],"17":[2,0],"18":[1,4],"19":[0,1],"20":[3,1],"21":[35,5],"22":[1,8],"23":[0,23],"24":[4,19]},"_coverageSchema":"43e27e138ebf9cfc5966b082cf9a028302ed4184","hash":"89d01be08dcfad4a085eff3a61be0b449c84ffb5"}
,"/Users/adrianhelvik/Npm/@adrianhelvik/vdom/src/MixedDOM/createNode.js": {"path":"/Users/adrianhelvik/Npm/@adrianhelvik/vdom/src/MixedDOM/createNode.js","statementMap":{"0":{"start":{"line":2,"column":2},"end":{"line":4,"column":3}},"1":{"start":{"line":3,"column":4},"end":{"line":3,"column":47}},"2":{"start":{"line":6,"column":15},"end":{"line":6,"column":55}},"3":{"start":{"line":8,"column":2},"end":{"line":12,"column":3}},"4":{"start":{"line":9,"column":4},"end":{"line":11,"column":5}},"5":{"start":{"line":10,"column":6},"end":{"line":10,"column":40}},"6":{"start":{"line":14,"column":2},"end":{"line":16,"column":3}},"7":{"start":{"line":15,"column":4},"end":{"line":15,"column":39}},"8":{"start":{"line":18,"column":2},"end":{"line":18,"column":13}}},"fnMap":{"0":{"name":"createNode","decl":{"start":{"line":1,"column":24},"end":{"line":1,"column":34}},"loc":{"start":{"line":1,"column":48},"end":{"line":19,"column":1}},"line":1}},"branchMap":{"0":{"loc":{"start":{"line":2,"column":2},"end":{"line":4,"column":3}},"type":"if","locations":[{"start":{"line":2,"column":2},"end":{"line":4,"column":3}},{"start":{"line":2,"column":2},"end":{"line":4,"column":3}}],"line":2},"1":{"loc":{"start":{"line":8,"column":32},"end":{"line":8,"column":55}},"type":"binary-expr","locations":[{"start":{"line":8,"column":32},"end":{"line":8,"column":49}},{"start":{"line":8,"column":53},"end":{"line":8,"column":55}}],"line":8},"2":{"loc":{"start":{"line":9,"column":4},"end":{"line":11,"column":5}},"type":"if","locations":[{"start":{"line":9,"column":4},"end":{"line":11,"column":5}},{"start":{"line":9,"column":4},"end":{"line":11,"column":5}}],"line":9}},"s":{"0":1,"1":0,"2":1,"3":1,"4":1,"5":0,"6":1,"7":0,"8":1},"f":{"0":1},"b":{"0":[0,1],"1":[1,0],"2":[0,1]},"_coverageSchema":"43e27e138ebf9cfc5966b082cf9a028302ed4184","hash":"6da41affd327797a9b0d7dd1e102e3491072f670"}
,"/Users/adrianhelvik/Npm/@adrianhelvik/vdom/src/Patcher/applyDiff.js": {"path":"/Users/adrianhelvik/Npm/@adrianhelvik/vdom/src/Patcher/applyDiff.js","statementMap":{"0":{"start":{"line":6,"column":2},"end":{"line":28,"column":3}},"1":{"start":{"line":7,"column":18},"end":{"line":7,"column":53}},"2":{"start":{"line":9,"column":4},"end":{"line":27,"column":5}},"3":{"start":{"line":11,"column":8},"end":{"line":14,"column":9}},"4":{"start":{"line":15,"column":8},"end":{"line":15,"column":13}},"5":{"start":{"line":17,"column":8},"end":{"line":17,"column":54}},"6":{"start":{"line":18,"column":8},"end":{"line":18,"column":13}},"7":{"start":{"line":20,"column":8},"end":{"line":26,"column":9}}},"fnMap":{"0":{"name":"applyDiff","decl":{"start":{"line":3,"column":24},"end":{"line":3,"column":33}},"loc":{"start":{"line":3,"column":51},"end":{"line":29,"column":1}},"line":3}},"branchMap":{"0":{"loc":{"start":{"line":9,"column":4},"end":{"line":27,"column":5}},"type":"switch","locations":[{"start":{"line":10,"column":6},"end":{"line":15,"column":13}},{"start":{"line":16,"column":6},"end":{"line":18,"column":13}},{"start":{"line":19,"column":6},"end":{"line":26,"column":9}}],"line":9}},"s":{"0":1,"1":1,"2":1,"3":0,"4":0,"5":1,"6":1,"7":0},"f":{"0":1},"b":{"0":[0,1,0]},"_coverageSchema":"43e27e138ebf9cfc5966b082cf9a028302ed4184","hash":"e68ccffec0a91144f3ea8d64e8d94bdf2eb8dec8"}
,"/Users/adrianhelvik/Npm/@adrianhelvik/vdom/src/VirtualDOM/createDiff.js": {"path":"/Users/adrianhelvik/Npm/@adrianhelvik/vdom/src/VirtualDOM/createDiff.js","statementMap":{"0":{"start":{"line":5,"column":15},"end":{"line":5,"column":17}},"1":{"start":{"line":7,"column":2},"end":{"line":7,"column":42}},"2":{"start":{"line":9,"column":2},"end":{"line":9,"column":13}}},"fnMap":{"0":{"name":"diff","decl":{"start":{"line":4,"column":24},"end":{"line":4,"column":28}},"loc":{"start":{"line":4,"column":41},"end":{"line":10,"column":1}},"line":4}},"branchMap":{},"s":{"0":3,"1":3,"2":3},"f":{"0":3},"b":{},"_coverageSchema":"43e27e138ebf9cfc5966b082cf9a028302ed4184","hash":"6f4f3d2a15e43101ed744cc0eb21e3a875846143"}
,"/Users/adrianhelvik/Npm/@adrianhelvik/vdom/src/VirtualDOM/createElement.js": {"path":"/Users/adrianhelvik/Npm/@adrianhelvik/vdom/src/VirtualDOM/createElement.js","statementMap":{"0":{"start":{"line":2,"column":2},"end":{"line":4,"column":3}},"1":{"start":{"line":3,"column":4},"end":{"line":3,"column":14}},"2":{"start":{"line":6,"column":2},"end":{"line":13,"column":3}},"3":{"start":{"line":16,"column":0},"end":{"line":16,"column":47}}},"fnMap":{"0":{"name":"createElement","decl":{"start":{"line":1,"column":24},"end":{"line":1,"column":37}},"loc":{"start":{"line":1,"column":64},"end":{"line":14,"column":1}},"line":1}},"branchMap":{"0":{"loc":{"start":{"line":2,"column":2},"end":{"line":4,"column":3}},"type":"if","locations":[{"start":{"line":2,"column":2},"end":{"line":4,"column":3}},{"start":{"line":2,"column":2},"end":{"line":4,"column":3}}],"line":2}},"s":{"0":9,"1":3,"2":9,"3":3},"f":{"0":9},"b":{"0":[3,6]},"_coverageSchema":"43e27e138ebf9cfc5966b082cf9a028302ed4184","hash":"cb32e7b1c6aca1572466ddb05c3d4b864f005df8"}
,"/Users/adrianhelvik/Npm/@adrianhelvik/vdom/src/VirtualDOM/diffChildren.js": {"path":"/Users/adrianhelvik/Npm/@adrianhelvik/vdom/src/VirtualDOM/diffChildren.js","statementMap":{"0":{"start":{"line":4,"column":20},"end":{"line":4,"column":54}},"1":{"start":{"line":5,"column":15},"end":{"line":5,"column":17}},"2":{"start":{"line":7,"column":2},"end":{"line":9,"column":3}},"3":{"start":{"line":7,"column":15},"end":{"line":7,"column":16}},"4":{"start":{"line":8,"column":4},"end":{"line":8,"column":61}},"5":{"start":{"line":11,"column":2},"end":{"line":11,"column":13}}},"fnMap":{"0":{"name":"diffChildren","decl":{"start":{"line":3,"column":24},"end":{"line":3,"column":36}},"loc":{"start":{"line":3,"column":55},"end":{"line":12,"column":1}},"line":3}},"branchMap":{},"s":{"0":1,"1":1,"2":1,"3":1,"4":1,"5":1},"f":{"0":1},"b":{},"_coverageSchema":"43e27e138ebf9cfc5966b082cf9a028302ed4184","hash":"aef5726b6bb9e73efb05681e914f2fbb51961c81"}
,"/Users/adrianhelvik/Npm/@adrianhelvik/vdom/src/VirtualDOM/diffNodes.js": {"path":"/Users/adrianhelvik/Npm/@adrianhelvik/vdom/src/VirtualDOM/diffNodes.js","statementMap":{"0":{"start":{"line":4,"column":2},"end":{"line":6,"column":3}},"1":{"start":{"line":5,"column":4},"end":{"line":5,"column":13}},"2":{"start":{"line":8,"column":2},"end":{"line":16,"column":3}},"3":{"start":{"line":9,"column":4},"end":{"line":15,"column":5}},"4":{"start":{"line":18,"column":2},"end":{"line":25,"column":3}},"5":{"start":{"line":19,"column":4},"end":{"line":24,"column":5}},"6":{"start":{"line":27,"column":2},"end":{"line":39,"column":3}},"7":{"start":{"line":28,"column":4},"end":{"line":38,"column":5}},"8":{"start":{"line":29,"column":6},"end":{"line":35,"column":7}},"9":{"start":{"line":37,"column":6},"end":{"line":37,"column":52}},"10":{"start":{"line":41,"column":2},"end":{"line":49,"column":3}},"11":{"start":{"line":42,"column":4},"end":{"line":48,"column":5}},"12":{"start":{"line":51,"column":2},"end":{"line":51,"column":11}}},"fnMap":{"0":{"name":"diffNodes","decl":{"start":{"line":3,"column":24},"end":{"line":3,"column":33}},"loc":{"start":{"line":3,"column":57},"end":{"line":52,"column":1}},"line":3}},"branchMap":{"0":{"loc":{"start":{"line":3,"column":46},"end":{"line":3,"column":55}},"type":"default-arg","locations":[{"start":{"line":3,"column":53},"end":{"line":3,"column":55}}],"line":3},"1":{"loc":{"start":{"line":4,"column":2},"end":{"line":6,"column":3}},"type":"if","locations":[{"start":{"line":4,"column":2},"end":{"line":6,"column":3}},{"start":{"line":4,"column":2},"end":{"line":6,"column":3}}],"line":4},"2":{"loc":{"start":{"line":4,"column":6},"end":{"line":4,"column":34}},"type":"binary-expr","locations":[{"start":{"line":4,"column":6},"end":{"line":4,"column":18}},{"start":{"line":4,"column":22},"end":{"line":4,"column":34}}],"line":4},"3":{"loc":{"start":{"line":8,"column":2},"end":{"line":16,"column":3}},"type":"if","locations":[{"start":{"line":8,"column":2},"end":{"line":16,"column":3}},{"start":{"line":8,"column":2},"end":{"line":16,"column":3}}],"line":8},"4":{"loc":{"start":{"line":18,"column":2},"end":{"line":25,"column":3}},"type":"if","locations":[{"start":{"line":18,"column":2},"end":{"line":25,"column":3}},{"start":{"line":18,"column":2},"end":{"line":25,"column":3}}],"line":18},"5":{"loc":{"start":{"line":27,"column":2},"end":{"line":39,"column":3}},"type":"if","locations":[{"start":{"line":27,"column":2},"end":{"line":39,"column":3}},{"start":{"line":27,"column":2},"end":{"line":39,"column":3}}],"line":27},"6":{"loc":{"start":{"line":27,"column":6},"end":{"line":27,"column":58}},"type":"binary-expr","locations":[{"start":{"line":27,"column":6},"end":{"line":27,"column":30}},{"start":{"line":27,"column":34},"end":{"line":27,"column":58}}],"line":27},"7":{"loc":{"start":{"line":28,"column":4},"end":{"line":38,"column":5}},"type":"if","locations":[{"start":{"line":28,"column":4},"end":{"line":38,"column":5}},{"start":{"line":28,"column":4},"end":{"line":38,"column":5}}],"line":28},"8":{"loc":{"start":{"line":28,"column":8},"end":{"line":28,"column":56}},"type":"binary-expr","locations":[{"start":{"line":28,"column":8},"end":{"line":28,"column":31}},{"start":{"line":28,"column":35},"end":{"line":28,"column":56}}],"line":28},"9":{"loc":{"start":{"line":41,"column":2},"end":{"line":49,"column":3}},"type":"if","locations":[{"start":{"line":41,"column":2},"end":{"line":49,"column":3}},{"start":{"line":41,"column":2},"end":{"line":49,"column":3}}],"line":41}},"s":{"0":11,"1":1,"2":10,"3":5,"4":5,"5":1,"6":4,"7":4,"8":2,"9":2,"10":0,"11":0,"12":0},"f":{"0":11},"b":{"0":[7],"1":[1,10],"2":[11,6],"3":[5,5],"4":[1,4],"5":[4,0],"6":[4,4],"7":[2,2],"8":[4,3],"9":[0,0]},"_coverageSchema":"43e27e138ebf9cfc5966b082cf9a028302ed4184","hash":"361549ef35792876f8315d81d74e0ce7a180ec8c"}
,"/Users/adrianhelvik/Npm/@adrianhelvik/vdom/src/VirtualDOM/diffProps.js": {"path":"/Users/adrianhelvik/Npm/@adrianhelvik/vdom/src/VirtualDOM/diffProps.js","statementMap":{"0":{"start":{"line":4,"column":2},"end":{"line":4,"column":29}},"1":{"start":{"line":4,"column":20},"end":{"line":4,"column":29}},"2":{"start":{"line":5,"column":2},"end":{"line":5,"column":29}},"3":{"start":{"line":5,"column":20},"end":{"line":5,"column":29}},"4":{"start":{"line":7,"column":15},"end":{"line":7,"column":17}},"5":{"start":{"line":9,"column":2},"end":{"line":17,"column":3}},"6":{"start":{"line":10,"column":4},"end":{"line":16,"column":5}},"7":{"start":{"line":11,"column":6},"end":{"line":15,"column":8}},"8":{"start":{"line":19,"column":2},"end":{"line":41,"column":3}},"9":{"start":{"line":20,"column":4},"end":{"line":40,"column":5}},"10":{"start":{"line":21,"column":6},"end":{"line":32,"column":7}},"11":{"start":{"line":22,"column":8},"end":{"line":31,"column":9}},"12":{"start":{"line":23,"column":10},"end":{"line":23,"column":64}},"13":{"start":{"line":25,"column":10},"end":{"line":30,"column":12}},"14":{"start":{"line":34,"column":6},"end":{"line":39,"column":8}},"15":{"start":{"line":43,"column":2},"end":{"line":43,"column":13}}},"fnMap":{"0":{"name":"diffProps","decl":{"start":{"line":3,"column":24},"end":{"line":3,"column":33}},"loc":{"start":{"line":3,"column":52},"end":{"line":44,"column":1}},"line":3}},"branchMap":{"0":{"loc":{"start":{"line":4,"column":2},"end":{"line":4,"column":29}},"type":"if","locations":[{"start":{"line":4,"column":2},"end":{"line":4,"column":29}},{"start":{"line":4,"column":2},"end":{"line":4,"column":29}}],"line":4},"1":{"loc":{"start":{"line":5,"column":2},"end":{"line":5,"column":29}},"type":"if","locations":[{"start":{"line":5,"column":2},"end":{"line":5,"column":29}},{"start":{"line":5,"column":2},"end":{"line":5,"column":29}}],"line":5},"2":{"loc":{"start":{"line":10,"column":4},"end":{"line":16,"column":5}},"type":"if","locations":[{"start":{"line":10,"column":4},"end":{"line":16,"column":5}},{"start":{"line":10,"column":4},"end":{"line":16,"column":5}}],"line":10},"3":{"loc":{"start":{"line":20,"column":4},"end":{"line":40,"column":5}},"type":"if","locations":[{"start":{"line":20,"column":4},"end":{"line":40,"column":5}},{"start":{"line":20,"column":4},"end":{"line":40,"column":5}}],"line":20},"4":{"loc":{"start":{"line":21,"column":6},"end":{"line":32,"column":7}},"type":"if","locations":[{"start":{"line":21,"column":6},"end":{"line":32,"column":7}},{"start":{"line":21,"column":6},"end":{"line":32,"column":7}}],"line":21},"5":{"loc":{"start":{"line":22,"column":8},"end":{"line":31,"column":9}},"type":"if","locations":[{"start":{"line":22,"column":8},"end":{"line":31,"column":9}},{"start":{"line":22,"column":8},"end":{"line":31,"column":9}}],"line":22}},"s":{"0":6,"1":1,"2":6,"3":1,"4":6,"5":6,"6":4,"7":1,"8":6,"9":4,"10":3,"11":2,"12":1,"13":1,"14":1,"15":6},"f":{"0":6},"b":{"0":[1,5],"1":[1,5],"2":[1,3],"3":[3,1],"4":[2,1],"5":[1,1]},"_coverageSchema":"43e27e138ebf9cfc5966b082cf9a028302ed4184","hash":"8de671468dfbe30f34484293a692b3964eb8df27"}
}
