TN:
SF:/Users/adrianhelvik/Npm/@adrianhelvik/vdom/src/MixedDOM/Node.js
FN:3,wrap
FN:13,unwrap
FN:21,create
FN:33,(anonymous_3)
FN:40,(anonymous_4)
FN:48,(anonymous_5)
FN:52,(anonymous_6)
FN:56,(anonymous_7)
FN:60,(anonymous_8)
FN:64,(anonymous_9)
FN:68,(anonymous_10)
FN:72,(anonymous_11)
FN:87,(anonymous_12)
FN:91,(anonymous_13)
FN:110,(anonymous_14)
FN:115,(anonymous_15)
FN:128,(anonymous_16)
FN:167,(anonymous_17)
FN:177,(anonymous_18)
FN:181,(anonymous_19)
FN:183,(anonymous_20)
FN:193,(anonymous_21)
FN:208,(anonymous_22)
FN:214,(anonymous_23)
FN:220,(anonymous_24)
FN:225,(anonymous_25)
FN:226,(anonymous_26)
FNF:27
FNH:27
FNDA:13,wrap
FNDA:23,unwrap
FNDA:6,create
FNDA:72,(anonymous_3)
FNDA:3,(anonymous_4)
FNDA:7,(anonymous_5)
FNDA:39,(anonymous_6)
FNDA:19,(anonymous_7)
FNDA:4,(anonymous_8)
FNDA:1,(anonymous_9)
FNDA:8,(anonymous_10)
FNDA:18,(anonymous_11)
FNDA:2,(anonymous_12)
FNDA:3,(anonymous_13)
FNDA:19,(anonymous_14)
FNDA:8,(anonymous_15)
FNDA:29,(anonymous_16)
FNDA:28,(anonymous_17)
FNDA:22,(anonymous_18)
FNDA:4,(anonymous_19)
FNDA:8,(anonymous_20)
FNDA:18,(anonymous_21)
FNDA:2,(anonymous_22)
FNDA:6,(anonymous_23)
FNDA:1,(anonymous_24)
FNDA:5,(anonymous_25)
FNDA:3,(anonymous_26)
DA:1,1
DA:4,13
DA:5,4
DA:7,9
DA:8,6
DA:10,8
DA:14,23
DA:15,22
DA:17,1
DA:22,6
DA:24,3
DA:26,2
DA:28,1
DA:34,72
DA:35,1
DA:37,71
DA:38,71
DA:39,71
DA:40,43
DA:41,3
DA:44,71
DA:49,7
DA:53,39
DA:57,19
DA:61,4
DA:65,1
DA:69,8
DA:73,18
DA:74,1
DA:76,17
DA:77,17
DA:78,7
DA:79,12
DA:82,10
DA:84,17
DA:88,2
DA:92,3
DA:94,3
DA:95,1
DA:98,2
DA:99,1
DA:100,3
DA:103,1
DA:105,2
DA:111,19
DA:112,19
DA:116,8
DA:117,8
DA:118,8
DA:119,1
DA:121,7
DA:122,3
DA:124,4
DA:129,29
DA:130,1
DA:132,28
DA:133,28
DA:134,28
DA:135,28
DA:136,5
DA:137,5
DA:138,5
DA:141,5
DA:142,4
DA:143,4
DA:144,4
DA:147,5
DA:148,2
DA:149,1
DA:150,2
DA:153,1
DA:156,3
DA:157,2
DA:158,2
DA:161,1
DA:168,28
DA:170,28
DA:171,5
DA:174,28
DA:178,22
DA:182,4
DA:184,8
DA:185,0
DA:187,8
DA:194,18
DA:195,18
DA:196,29
DA:197,0
DA:199,29
DA:200,6
DA:202,23
DA:205,18
DA:209,2
DA:215,6
DA:221,1
DA:225,1
DA:226,5
LF:97
LH:95
BRDA:4,0,0,4
BRDA:4,0,1,9
BRDA:7,1,0,6
BRDA:7,1,1,3
BRDA:14,2,0,22
BRDA:14,2,1,1
BRDA:22,3,0,3
BRDA:22,3,1,2
BRDA:22,3,2,1
BRDA:34,4,0,1
BRDA:34,4,1,71
BRDA:39,5,0,43
BRDA:39,5,1,28
BRDA:73,6,0,1
BRDA:73,6,1,17
BRDA:77,7,0,7
BRDA:77,7,1,10
BRDA:94,8,0,1
BRDA:94,8,1,2
BRDA:98,9,0,1
BRDA:98,9,1,1
BRDA:118,10,0,1
BRDA:118,10,1,7
BRDA:121,11,0,3
BRDA:121,11,1,4
BRDA:129,12,0,1
BRDA:129,12,1,28
BRDA:135,13,0,5
BRDA:135,13,1,23
BRDA:141,14,0,4
BRDA:141,14,1,1
BRDA:147,15,0,2
BRDA:147,15,1,3
BRDA:148,16,0,1
BRDA:148,16,1,1
BRDA:156,17,0,2
BRDA:156,17,1,1
BRDA:170,18,0,33
BRDA:170,18,1,5
BRDA:184,19,0,0
BRDA:184,19,1,8
BRDA:196,20,0,0
BRDA:196,20,1,29
BRDA:199,21,0,6
BRDA:199,21,1,23
BRF:45
BRH:43
end_of_record
TN:
SF:/Users/adrianhelvik/Npm/@adrianhelvik/vdom/src/MixedDOM/createNode.js
FN:1,createNode
FNF:1
FNH:1
FNDA:1,createNode
DA:2,1
DA:3,0
DA:6,1
DA:8,1
DA:9,1
DA:10,0
DA:14,1
DA:15,0
DA:18,1
LF:9
LH:6
BRDA:2,0,0,0
BRDA:2,0,1,1
BRDA:8,1,0,1
BRDA:8,1,1,0
BRDA:9,2,0,0
BRDA:9,2,1,1
BRF:6
BRH:3
end_of_record
TN:
SF:/Users/adrianhelvik/Npm/@adrianhelvik/vdom/src/Patcher/applyDiff.js
FN:3,applyDiff
FNF:1
FNH:1
FNDA:1,applyDiff
DA:6,1
DA:7,1
DA:9,1
DA:11,0
DA:15,0
DA:17,1
DA:18,1
DA:20,0
LF:8
LH:5
BRDA:9,0,0,0
BRDA:9,0,1,1
BRDA:9,0,2,0
BRF:3
BRH:1
end_of_record
TN:
SF:/Users/adrianhelvik/Npm/@adrianhelvik/vdom/src/VirtualDOM/createDiff.js
FN:4,diff
FNF:1
FNH:1
FNDA:3,diff
DA:5,3
DA:7,3
DA:9,3
LF:3
LH:3
BRF:0
BRH:0
end_of_record
TN:
SF:/Users/adrianhelvik/Npm/@adrianhelvik/vdom/src/VirtualDOM/createElement.js
FN:1,createElement
FNF:1
FNH:1
FNDA:9,createElement
DA:2,9
DA:3,3
DA:6,9
DA:16,3
LF:4
LH:4
BRDA:2,0,0,3
BRDA:2,0,1,6
BRF:2
BRH:2
end_of_record
TN:
SF:/Users/adrianhelvik/Npm/@adrianhelvik/vdom/src/VirtualDOM/diffChildren.js
FN:3,diffChildren
FNF:1
FNH:1
FNDA:1,diffChildren
DA:4,1
DA:5,1
DA:7,1
DA:8,1
DA:11,1
LF:5
LH:5
BRF:0
BRH:0
end_of_record
TN:
SF:/Users/adrianhelvik/Npm/@adrianhelvik/vdom/src/VirtualDOM/diffNodes.js
FN:3,diffNodes
FNF:1
FNH:1
FNDA:11,diffNodes
DA:4,11
DA:5,1
DA:8,10
DA:9,5
DA:18,5
DA:19,1
DA:27,4
DA:28,4
DA:29,2
DA:37,2
DA:41,0
DA:42,0
DA:51,0
LF:13
LH:10
BRDA:3,0,0,7
BRDA:4,1,0,1
BRDA:4,1,1,10
BRDA:4,2,0,11
BRDA:4,2,1,6
BRDA:8,3,0,5
BRDA:8,3,1,5
BRDA:18,4,0,1
BRDA:18,4,1,4
BRDA:27,5,0,4
BRDA:27,5,1,0
BRDA:27,6,0,4
BRDA:27,6,1,4
BRDA:28,7,0,2
BRDA:28,7,1,2
BRDA:28,8,0,4
BRDA:28,8,1,3
BRDA:41,9,0,0
BRDA:41,9,1,0
BRF:19
BRH:16
end_of_record
TN:
SF:/Users/adrianhelvik/Npm/@adrianhelvik/vdom/src/VirtualDOM/diffProps.js
FN:3,diffProps
FNF:1
FNH:1
FNDA:6,diffProps
DA:4,6
DA:5,6
DA:7,6
DA:9,6
DA:10,4
DA:11,1
DA:19,6
DA:20,4
DA:21,3
DA:22,2
DA:23,1
DA:25,1
DA:34,1
DA:43,6
LF:14
LH:14
BRDA:4,0,0,1
BRDA:4,0,1,5
BRDA:5,1,0,1
BRDA:5,1,1,5
BRDA:10,2,0,1
BRDA:10,2,1,3
BRDA:20,3,0,3
BRDA:20,3,1,1
BRDA:21,4,0,2
BRDA:21,4,1,1
BRDA:22,5,0,1
BRDA:22,5,1,1
BRF:12
BRH:12
end_of_record
