TN:
SF:/Users/adrianhelvik/Npm/@adrianhelvik/vdom/src/MixedDOM/Node.js
FN:15,wrap
FN:29,unwrap
FN:37,create
FN:49,(anonymous_3)
FN:56,(anonymous_4)
FN:111,(anonymous_5)
FN:115,(anonymous_6)
FN:123,(anonymous_7)
FN:127,(anonymous_8)
FN:131,(anonymous_9)
FN:135,(anonymous_10)
FN:139,(anonymous_11)
FN:169,(anonymous_12)
FN:173,(anonymous_13)
FN:192,(anonymous_14)
FN:196,(anonymous_15)
FN:201,(anonymous_16)
FN:209,(anonymous_17)
FN:221,(anonymous_18)
FN:310,(anonymous_19)
FN:320,(anonymous_20)
FN:324,(anonymous_21)
FN:326,(anonymous_22)
FN:336,(anonymous_23)
FN:351,(anonymous_24)
FN:357,(anonymous_25)
FN:368,(anonymous_26)
FN:373,(anonymous_27)
FN:374,(anonymous_28)
FN:376,(anonymous_29)
FN:379,(anonymous_30)
FNF:31
FNH:28
FNDA:16,wrap
FNDA:22,unwrap
FNDA:6,create
FNDA:74,(anonymous_3)
FNDA:3,(anonymous_4)
FNDA:8,(anonymous_5)
FNDA:38,(anonymous_6)
FNDA:21,(anonymous_7)
FNDA:4,(anonymous_8)
FNDA:1,(anonymous_9)
FNDA:13,(anonymous_10)
FNDA:17,(anonymous_11)
FNDA:2,(anonymous_12)
FNDA:3,(anonymous_13)
FNDA:0,(anonymous_14)
FNDA:21,(anonymous_15)
FNDA:5,(anonymous_16)
FNDA:3,(anonymous_17)
FNDA:31,(anonymous_18)
FNDA:30,(anonymous_19)
FNDA:19,(anonymous_20)
FNDA:5,(anonymous_21)
FNDA:9,(anonymous_22)
FNDA:15,(anonymous_23)
FNDA:2,(anonymous_24)
FNDA:12,(anonymous_25)
FNDA:2,(anonymous_26)
FNDA:0,(anonymous_27)
FNDA:0,(anonymous_28)
FNDA:8,(anonymous_29)
FNDA:50,(anonymous_30)
DA:1,1
DA:3,1
DA:16,16
DA:20,16
DA:21,4
DA:23,12
DA:24,6
DA:26,11
DA:30,22
DA:31,21
DA:33,1
DA:38,6
DA:40,3
DA:42,2
DA:44,1
DA:50,74
DA:51,1
DA:53,73
DA:54,73
DA:55,73
DA:56,42
DA:57,3
DA:60,73
DA:112,8
DA:120,38
DA:124,21
DA:128,4
DA:132,1
DA:136,13
DA:147,17
DA:148,1
DA:150,16
DA:151,16
DA:152,7
DA:157,12
DA:160,9
DA:162,16
DA:170,2
DA:174,3
DA:176,3
DA:177,1
DA:180,2
DA:181,1
DA:182,3
DA:185,1
DA:187,2
DA:193,0
DA:197,21
DA:198,21
DA:202,5
DA:203,3
DA:205,2
DA:210,3
DA:211,3
DA:212,1
DA:214,2
DA:215,0
DA:217,2
DA:229,31
DA:230,1
DA:232,30
DA:233,30
DA:234,30
DA:235,30
DA:236,5
DA:237,5
DA:247,5
DA:248,2
DA:258,2
DA:263,2
DA:267,5
DA:268,1
DA:269,0
DA:281,0
DA:287,1
DA:290,4
DA:291,3
DA:292,4
DA:295,1
DA:311,30
DA:313,30
DA:314,5
DA:317,30
DA:321,19
DA:325,5
DA:327,9
DA:328,1
DA:330,8
DA:337,15
DA:338,15
DA:339,23
DA:340,0
DA:342,23
DA:343,4
DA:345,19
DA:348,15
DA:352,2
DA:358,12
DA:369,2
DA:373,1
DA:374,0
DA:376,1
DA:377,8
DA:379,50
LF:104
LH:98
BRDA:16,0,0,0
BRDA:16,0,1,16
BRDA:20,1,0,4
BRDA:20,1,1,12
BRDA:23,2,0,6
BRDA:23,2,1,6
BRDA:30,3,0,21
BRDA:30,3,1,1
BRDA:38,4,0,3
BRDA:38,4,1,2
BRDA:38,4,2,1
BRDA:50,5,0,1
BRDA:50,5,1,73
BRDA:55,6,0,42
BRDA:55,6,1,31
BRDA:147,7,0,1
BRDA:147,7,1,16
BRDA:151,8,0,7
BRDA:151,8,1,9
BRDA:176,9,0,1
BRDA:176,9,1,2
BRDA:180,10,0,1
BRDA:180,10,1,1
BRDA:202,11,0,3
BRDA:202,11,1,2
BRDA:211,12,0,1
BRDA:211,12,1,2
BRDA:214,13,0,0
BRDA:214,13,1,2
BRDA:229,14,0,1
BRDA:229,14,1,30
BRDA:235,15,0,5
BRDA:235,15,1,25
BRDA:247,16,0,2
BRDA:247,16,1,3
BRDA:258,17,0,2
BRDA:258,17,1,0
BRDA:267,18,0,1
BRDA:267,18,1,4
BRDA:268,19,0,0
BRDA:268,19,1,1
BRDA:290,20,0,3
BRDA:290,20,1,1
BRDA:313,21,0,35
BRDA:313,21,1,5
BRDA:327,22,0,1
BRDA:327,22,1,8
BRDA:339,23,0,0
BRDA:339,23,1,23
BRDA:342,24,0,4
BRDA:342,24,1,19
BRF:51
BRH:46
end_of_record
TN:
SF:/Users/adrianhelvik/Npm/@adrianhelvik/vdom/src/MixedDOM/createNode.js
FN:1,createNode
FNF:1
FNH:1
FNDA:1,createNode
DA:2,1
DA:3,0
DA:6,1
DA:8,1
DA:9,1
DA:10,0
DA:14,1
DA:15,0
DA:18,1
LF:9
LH:6
BRDA:2,0,0,0
BRDA:2,0,1,1
BRDA:8,1,0,1
BRDA:8,1,1,0
BRDA:9,2,0,0
BRDA:9,2,1,1
BRF:6
BRH:3
end_of_record
TN:
SF:/Users/adrianhelvik/Npm/@adrianhelvik/vdom/src/Patcher/applyDiff.js
FN:3,applyDiff
FNF:1
FNH:1
FNDA:1,applyDiff
DA:6,1
DA:7,1
DA:9,1
DA:11,0
DA:15,0
DA:17,1
DA:18,1
DA:20,0
LF:8
LH:5
BRDA:9,0,0,0
BRDA:9,0,1,1
BRDA:9,0,2,0
BRF:3
BRH:1
end_of_record
TN:
SF:/Users/adrianhelvik/Npm/@adrianhelvik/vdom/src/VirtualDOM/createDiff.js
FN:4,diff
FNF:1
FNH:1
FNDA:3,diff
DA:5,3
DA:7,3
DA:9,3
LF:3
LH:3
BRF:0
BRH:0
end_of_record
TN:
SF:/Users/adrianhelvik/Npm/@adrianhelvik/vdom/src/VirtualDOM/createElement.js
FN:1,createElement
FNF:1
FNH:1
FNDA:9,createElement
DA:2,9
DA:3,3
DA:6,9
DA:16,3
LF:4
LH:4
BRDA:2,0,0,3
BRDA:2,0,1,6
BRF:2
BRH:2
end_of_record
TN:
SF:/Users/adrianhelvik/Npm/@adrianhelvik/vdom/src/VirtualDOM/diffChildren.js
FN:3,diffChildren
FNF:1
FNH:1
FNDA:1,diffChildren
DA:4,1
DA:5,1
DA:7,1
DA:8,1
DA:11,1
LF:5
LH:5
BRF:0
BRH:0
end_of_record
TN:
SF:/Users/adrianhelvik/Npm/@adrianhelvik/vdom/src/VirtualDOM/diffNodes.js
FN:3,diffNodes
FNF:1
FNH:1
FNDA:11,diffNodes
DA:4,11
DA:5,1
DA:8,10
DA:9,5
DA:18,5
DA:19,1
DA:27,4
DA:28,4
DA:29,2
DA:37,2
DA:41,0
DA:42,0
DA:51,0
LF:13
LH:10
BRDA:3,0,0,7
BRDA:4,1,0,1
BRDA:4,1,1,10
BRDA:4,2,0,11
BRDA:4,2,1,6
BRDA:8,3,0,5
BRDA:8,3,1,5
BRDA:18,4,0,1
BRDA:18,4,1,4
BRDA:27,5,0,4
BRDA:27,5,1,0
BRDA:27,6,0,4
BRDA:27,6,1,4
BRDA:28,7,0,2
BRDA:28,7,1,2
BRDA:28,8,0,4
BRDA:28,8,1,3
BRDA:41,9,0,0
BRDA:41,9,1,0
BRF:19
BRH:16
end_of_record
TN:
SF:/Users/adrianhelvik/Npm/@adrianhelvik/vdom/src/VirtualDOM/diffProps.js
FN:3,diffProps
FNF:1
FNH:1
FNDA:6,diffProps
DA:4,6
DA:5,6
DA:7,6
DA:9,6
DA:10,4
DA:11,1
DA:19,6
DA:20,4
DA:21,3
DA:22,2
DA:23,1
DA:25,1
DA:34,1
DA:43,6
LF:14
LH:14
BRDA:4,0,0,1
BRDA:4,0,1,5
BRDA:5,1,0,1
BRDA:5,1,1,5
BRDA:10,2,0,1
BRDA:10,2,1,3
BRDA:20,3,0,3
BRDA:20,3,1,1
BRDA:21,4,0,2
BRDA:21,4,1,1
BRDA:22,5,0,1
BRDA:22,5,1,1
BRF:12
BRH:12
end_of_record
